2025-09-25 15:48:16,284 - INFO - 开始房价预测模型训练流程
2025-09-25 15:48:16,285 - INFO - 加载并预处理数据
2025-09-25 15:48:16,304 - INFO - 合并后的数据形状: (2919, 79)
2025-09-25 15:48:16,305 - INFO - 处理缺失值
2025-09-25 15:48:16,311 - INFO - 数值型特征数量: 36, 分类型特征数量: 43
2025-09-25 15:48:16,334 - INFO - 编码分类型特征
2025-09-25 15:48:16,353 - INFO - 创建新特征
2025-09-25 15:48:16,356 - INFO - 验证数据质量
2025-09-25 15:48:16,358 - INFO - 训练集缺失值数量: 0
2025-09-25 15:48:16,360 - INFO - 测试集缺失值数量: 0
2025-09-25 15:48:16,362 - INFO - 训练集无穷值数量: 0
2025-09-25 15:48:16,363 - INFO - 测试集无穷值数量: 0
2025-09-25 15:48:16,364 - INFO - 目标变量最小值: 10.460270761075149, 最大值: 13.534474352733596, 缺失值: 0
2025-09-25 15:48:16,370 - INFO - 进行特征选择
2025-09-25 15:48:18,978 - INFO - 选择的特征数量: 35
2025-09-25 15:48:18,979 - INFO - 选择的特征: MSZoning, LotArea, LandContour, Neighborhood, Condition2, OverallQual, OverallCond, YearBuilt, YearRemodAdd, ExterCond, BsmtQual, BsmtFinSF1, BsmtUnfSF, CentralAir, 2ndFlrSF, GrLivArea, BsmtHalfBath, FullBath, HalfBath, KitchenAbvGr, KitchenQual, Functional, Fireplaces, GarageType, GarageYrBlt, GarageCars, GarageArea, GarageCond, PavedDrive, EnclosedPorch, ScreenPorch, PoolArea, SaleCondition, TotalSF, YearDiff
2025-09-25 15:48:18,979 - INFO - 开始超参数优化
2025-09-25 15:48:18,980 - INFO - 优化XGBoost超参数
2025-09-25 15:48:18,980 - ERROR - 整个流程失败: create_study() got an unexpected keyword argument 'verbosity'
Traceback (most recent call last):
  File "/tmp/ipykernel_106522/1618917216.py", line 222, in main
    xgb_study = optuna.create_study(
                ^^^^^^^^^^^^^^^^^^^^
  File "/home/pumengyu/anaconda3/envs/dinov3/lib/python3.11/site-packages/optuna/_convert_positional_args.py", line 135, in converter_wrapper
    return func(**kwargs)  # type: ignore[call-arg]
           ^^^^^^^^^^^^^^
TypeError: create_study() got an unexpected keyword argument 'verbosity'
2025-09-25 15:53:17,291 - INFO - 开始房价预测模型训练流程
2025-09-25 15:53:17,291 - INFO - 加载并预处理数据
2025-09-25 15:53:17,309 - INFO - 合并后的数据形状: (2919, 79)
2025-09-25 15:53:17,309 - INFO - 处理缺失值
2025-09-25 15:53:17,315 - INFO - 数值型特征数量: 36, 分类型特征数量: 43
2025-09-25 15:53:17,338 - INFO - 编码分类型特征
2025-09-25 15:53:17,357 - INFO - 创建新特征
2025-09-25 15:53:17,359 - INFO - 验证数据质量
2025-09-25 15:53:17,361 - INFO - 训练集缺失值数量: 0
2025-09-25 15:53:17,363 - INFO - 测试集缺失值数量: 0
2025-09-25 15:53:17,365 - INFO - 训练集无穷值数量: 0
2025-09-25 15:53:17,366 - INFO - 测试集无穷值数量: 0
2025-09-25 15:53:17,367 - INFO - 目标变量最小值: 10.460270761075149, 最大值: 13.534474352733596, 缺失值: 0
2025-09-25 15:53:17,373 - INFO - 进行特征选择
2025-09-25 15:53:19,988 - INFO - 选择的特征数量: 35
2025-09-25 15:53:19,988 - INFO - 选择的特征: MSZoning, LotArea, LandContour, Neighborhood, Condition2, OverallQual, OverallCond, YearBuilt, YearRemodAdd, ExterCond, BsmtQual, BsmtFinSF1, BsmtUnfSF, CentralAir, 2ndFlrSF, GrLivArea, BsmtHalfBath, FullBath, HalfBath, KitchenAbvGr, KitchenQual, Functional, Fireplaces, GarageType, GarageYrBlt, GarageCars, GarageArea, GarageCond, PavedDrive, EnclosedPorch, ScreenPorch, PoolArea, SaleCondition, TotalSF, YearDiff
2025-09-25 15:53:19,989 - INFO - 开始超参数优化
2025-09-25 15:53:19,989 - INFO - 优化XGBoost超参数
2025-09-25 15:53:19,996 - INFO - 开始试验 0 用于模型 xgb
2025-09-25 15:53:20,421 - INFO - 试验 0 完成，分数: nan
2025-09-25 15:53:20,422 - INFO - 开始试验 1 用于模型 xgb
2025-09-25 15:53:20,833 - INFO - 试验 1 完成，分数: nan
2025-09-25 15:53:20,834 - INFO - 开始试验 2 用于模型 xgb
2025-09-25 15:53:21,076 - INFO - 试验 2 完成，分数: nan
2025-09-25 15:53:21,078 - INFO - 开始试验 3 用于模型 xgb
2025-09-25 15:53:21,299 - INFO - 试验 3 完成，分数: nan
2025-09-25 15:53:21,301 - INFO - 开始试验 4 用于模型 xgb
2025-09-25 15:53:21,668 - INFO - 试验 4 完成，分数: nan
2025-09-25 15:53:21,671 - INFO - XGBoost完成的试验数量: 0/5
2025-09-25 15:53:21,671 - WARNING - XGBoost没有完成任何试验，使用默认参数
2025-09-25 15:53:21,672 - INFO - 优化LightGBM超参数
2025-09-25 15:53:21,677 - INFO - 开始试验 0 用于模型 lgb
2025-09-25 15:53:21,819 - INFO - 试验 0 完成，分数: nan
2025-09-25 15:53:21,820 - INFO - 开始试验 1 用于模型 lgb
2025-09-25 15:53:21,978 - INFO - 试验 1 完成，分数: nan
2025-09-25 15:53:21,979 - INFO - 开始试验 2 用于模型 lgb
2025-09-25 15:53:22,051 - INFO - 试验 2 完成，分数: nan
2025-09-25 15:53:22,052 - INFO - 开始试验 3 用于模型 lgb
2025-09-25 15:53:22,156 - INFO - 试验 3 完成，分数: nan
2025-09-25 15:53:22,157 - INFO - 开始试验 4 用于模型 lgb
2025-09-25 15:53:22,308 - INFO - 试验 4 完成，分数: nan
2025-09-25 15:53:22,309 - INFO - 开始试验 5 用于模型 lgb
2025-09-25 15:53:22,532 - INFO - 试验 5 完成，分数: nan
2025-09-25 15:53:22,533 - INFO - 开始试验 6 用于模型 lgb
2025-09-25 15:53:22,643 - INFO - 试验 6 完成，分数: nan
2025-09-25 15:53:22,645 - INFO - 开始试验 7 用于模型 lgb
2025-09-25 15:53:22,771 - INFO - 试验 7 完成，分数: nan
2025-09-25 15:53:22,773 - INFO - 开始试验 8 用于模型 lgb
2025-09-25 15:53:22,831 - INFO - 试验 8 完成，分数: nan
2025-09-25 15:53:22,832 - INFO - 开始试验 9 用于模型 lgb
2025-09-25 15:53:23,007 - INFO - 试验 9 完成，分数: nan
2025-09-25 15:53:23,009 - INFO - 开始试验 10 用于模型 lgb
2025-09-25 15:53:23,280 - INFO - 试验 10 完成，分数: nan
2025-09-25 15:53:23,281 - INFO - 开始试验 11 用于模型 lgb
2025-09-25 15:53:23,425 - INFO - 试验 11 完成，分数: nan
2025-09-25 15:53:23,426 - INFO - 开始试验 12 用于模型 lgb
2025-09-25 15:53:23,623 - INFO - 试验 12 完成，分数: nan
2025-09-25 15:53:23,625 - INFO - 开始试验 13 用于模型 lgb
2025-09-25 15:53:23,879 - INFO - 试验 13 完成，分数: nan
2025-09-25 15:53:23,880 - INFO - 开始试验 14 用于模型 lgb
2025-09-25 15:53:23,996 - INFO - 试验 14 完成，分数: nan
2025-09-25 15:53:23,997 - INFO - 开始试验 15 用于模型 lgb
2025-09-25 15:53:24,108 - INFO - 试验 15 完成，分数: nan
2025-09-25 15:53:24,110 - INFO - 开始试验 16 用于模型 lgb
2025-09-25 15:53:24,261 - INFO - 试验 16 完成，分数: nan
2025-09-25 15:53:24,262 - INFO - 开始试验 17 用于模型 lgb
2025-09-25 15:53:24,375 - INFO - 试验 17 完成，分数: nan
2025-09-25 15:53:24,376 - INFO - 开始试验 18 用于模型 lgb
2025-09-25 15:53:24,469 - INFO - 试验 18 完成，分数: nan
2025-09-25 15:53:24,470 - INFO - 开始试验 19 用于模型 lgb
2025-09-25 15:53:24,608 - INFO - 试验 19 完成，分数: nan
2025-09-25 15:53:24,610 - INFO - 开始试验 20 用于模型 lgb
2025-09-25 15:53:24,674 - INFO - 试验 20 完成，分数: nan
2025-09-25 15:53:24,675 - INFO - 开始试验 21 用于模型 lgb
2025-09-25 15:53:24,820 - INFO - 试验 21 完成，分数: nan
2025-09-25 15:53:24,821 - INFO - 开始试验 22 用于模型 lgb
2025-09-25 15:53:25,024 - INFO - 试验 22 完成，分数: nan
2025-09-25 15:53:25,025 - INFO - 开始试验 23 用于模型 lgb
2025-09-25 15:53:25,141 - INFO - 试验 23 完成，分数: nan
2025-09-25 15:53:25,142 - INFO - 开始试验 24 用于模型 lgb
2025-09-25 15:53:25,295 - INFO - 试验 24 完成，分数: nan
2025-09-25 15:53:25,296 - INFO - 开始试验 25 用于模型 lgb
2025-09-25 15:53:25,442 - INFO - 试验 25 完成，分数: nan
2025-09-25 15:53:25,443 - INFO - 开始试验 26 用于模型 lgb
2025-09-25 15:53:25,527 - INFO - 试验 26 完成，分数: nan
2025-09-25 15:53:25,528 - INFO - 开始试验 27 用于模型 lgb
2025-09-25 15:53:25,655 - INFO - 试验 27 完成，分数: nan
2025-09-25 15:53:25,657 - INFO - 开始试验 28 用于模型 lgb
2025-09-25 15:53:25,889 - INFO - 试验 28 完成，分数: nan
2025-09-25 15:53:25,891 - INFO - 开始试验 29 用于模型 lgb
2025-09-25 15:53:25,965 - INFO - 试验 29 完成，分数: nan
2025-09-25 15:53:25,966 - INFO - 开始试验 30 用于模型 lgb
2025-09-25 15:53:26,102 - INFO - 试验 30 完成，分数: nan
2025-09-25 15:53:26,104 - INFO - 开始试验 31 用于模型 lgb
2025-09-25 15:53:26,219 - INFO - 试验 31 完成，分数: nan
2025-09-25 15:53:26,220 - INFO - 开始试验 32 用于模型 lgb
2025-09-25 15:53:26,357 - INFO - 试验 32 完成，分数: nan
2025-09-25 15:53:26,358 - INFO - 开始试验 33 用于模型 lgb
2025-09-25 15:53:26,481 - INFO - 试验 33 完成，分数: nan
2025-09-25 15:53:26,482 - INFO - 开始试验 34 用于模型 lgb
2025-09-25 15:53:26,719 - INFO - 试验 34 完成，分数: nan
2025-09-25 15:53:26,720 - INFO - 开始试验 35 用于模型 lgb
2025-09-25 15:53:26,786 - INFO - 试验 35 完成，分数: nan
2025-09-25 15:53:26,787 - INFO - 开始试验 36 用于模型 lgb
2025-09-25 15:53:27,014 - INFO - 试验 36 完成，分数: nan
2025-09-25 15:53:27,015 - INFO - 开始试验 37 用于模型 lgb
2025-09-25 15:53:27,164 - INFO - 试验 37 完成，分数: nan
2025-09-25 15:53:27,166 - INFO - 开始试验 38 用于模型 lgb
2025-09-25 15:53:27,239 - INFO - 试验 38 完成，分数: nan
2025-09-25 15:53:27,239 - INFO - 开始试验 39 用于模型 lgb
2025-09-25 15:53:27,390 - INFO - 试验 39 完成，分数: nan
2025-09-25 15:53:27,391 - INFO - 开始试验 40 用于模型 lgb
2025-09-25 15:53:27,500 - INFO - 试验 40 完成，分数: nan
2025-09-25 15:53:27,502 - INFO - 开始试验 41 用于模型 lgb
2025-09-25 15:53:27,602 - INFO - 试验 41 完成，分数: nan
2025-09-25 15:53:27,603 - INFO - 开始试验 42 用于模型 lgb
2025-09-25 15:53:27,759 - INFO - 试验 42 完成，分数: nan
2025-09-25 15:53:27,760 - INFO - 开始试验 43 用于模型 lgb
2025-09-25 15:53:27,907 - INFO - 试验 43 完成，分数: nan
2025-09-25 15:53:27,908 - INFO - 开始试验 44 用于模型 lgb
2025-09-25 15:53:28,005 - INFO - 试验 44 完成，分数: nan
2025-09-25 15:53:28,006 - INFO - 开始试验 45 用于模型 lgb
2025-09-25 15:53:28,082 - INFO - 试验 45 完成，分数: nan
2025-09-25 15:53:28,084 - INFO - 开始试验 46 用于模型 lgb
2025-09-25 15:53:28,275 - INFO - 试验 46 完成，分数: nan
2025-09-25 15:53:28,276 - INFO - 开始试验 47 用于模型 lgb
2025-09-25 15:53:28,392 - INFO - 试验 47 完成，分数: nan
2025-09-25 15:53:28,393 - INFO - 开始试验 48 用于模型 lgb
2025-09-25 15:53:28,672 - INFO - 试验 48 完成，分数: nan
2025-09-25 15:53:28,673 - INFO - 开始试验 49 用于模型 lgb
2025-09-25 15:53:28,961 - INFO - 试验 49 完成，分数: nan
2025-09-25 15:53:28,965 - WARNING - LightGBM没有完成任何试验，使用默认参数
2025-09-25 15:53:28,965 - INFO - 优化CatBoost超参数
2025-09-25 15:53:28,970 - INFO - 开始试验 0 用于模型 cat
2025-09-25 15:53:29,464 - INFO - 试验 0 完成，分数: nan
2025-09-25 15:53:29,466 - INFO - 开始试验 1 用于模型 cat
2025-09-25 15:53:29,609 - INFO - 试验 1 完成，分数: nan
2025-09-25 15:53:29,610 - INFO - 开始试验 2 用于模型 cat
2025-09-25 15:53:29,881 - INFO - 试验 2 完成，分数: nan
2025-09-25 15:53:29,882 - INFO - 开始试验 3 用于模型 cat
2025-09-25 15:53:30,254 - INFO - 试验 3 完成，分数: nan
2025-09-25 15:53:30,256 - INFO - 开始试验 4 用于模型 cat
2025-09-25 15:53:30,560 - INFO - 试验 4 完成，分数: nan
2025-09-25 15:53:30,561 - INFO - 开始试验 5 用于模型 cat
2025-09-25 15:53:30,921 - INFO - 试验 5 完成，分数: nan
2025-09-25 15:53:30,924 - INFO - 开始试验 6 用于模型 cat
2025-09-25 15:53:31,202 - INFO - 试验 6 完成，分数: nan
2025-09-25 15:53:31,204 - INFO - 开始试验 7 用于模型 cat
2025-09-25 15:53:31,894 - INFO - 试验 7 完成，分数: nan
2025-09-25 15:53:31,896 - INFO - 开始试验 8 用于模型 cat
2025-09-25 15:53:32,228 - INFO - 试验 8 完成，分数: nan
2025-09-25 15:53:32,230 - INFO - 开始试验 9 用于模型 cat
2025-09-25 15:53:32,629 - INFO - 试验 9 完成，分数: nan
2025-09-25 15:53:32,631 - INFO - 开始试验 10 用于模型 cat
2025-09-25 15:53:32,779 - INFO - 试验 10 完成，分数: nan
2025-09-25 15:53:32,780 - INFO - 开始试验 11 用于模型 cat
2025-09-25 15:53:32,996 - INFO - 试验 11 完成，分数: nan
2025-09-25 15:53:32,997 - INFO - 开始试验 12 用于模型 cat
2025-09-25 15:53:33,887 - INFO - 试验 12 完成，分数: nan
2025-09-25 15:53:33,888 - INFO - 开始试验 13 用于模型 cat
2025-09-25 15:53:34,541 - INFO - 试验 13 完成，分数: nan
2025-09-25 15:53:34,543 - INFO - 开始试验 14 用于模型 cat
2025-09-25 15:53:34,650 - INFO - 试验 14 完成，分数: nan
2025-09-25 15:53:34,651 - INFO - 开始试验 15 用于模型 cat
2025-09-25 15:53:35,277 - INFO - 试验 15 完成，分数: nan
2025-09-25 15:53:35,279 - INFO - 开始试验 16 用于模型 cat
2025-09-25 15:53:35,459 - INFO - 试验 16 完成，分数: nan
2025-09-25 15:53:35,460 - INFO - 开始试验 17 用于模型 cat
2025-09-25 15:53:35,656 - INFO - 试验 17 完成，分数: nan
2025-09-25 15:53:35,657 - INFO - 开始试验 18 用于模型 cat
2025-09-25 15:53:35,851 - INFO - 试验 18 完成，分数: nan
2025-09-25 15:53:35,852 - INFO - 开始试验 19 用于模型 cat
2025-09-25 15:53:36,245 - INFO - 试验 19 完成，分数: nan
2025-09-25 15:53:36,246 - INFO - 开始试验 20 用于模型 cat
2025-09-25 15:53:36,693 - INFO - 试验 20 完成，分数: nan
2025-09-25 15:53:36,694 - INFO - 开始试验 21 用于模型 cat
2025-09-25 15:53:37,054 - INFO - 试验 21 完成，分数: nan
2025-09-25 15:53:37,056 - INFO - 开始试验 22 用于模型 cat
2025-09-25 15:53:37,414 - INFO - 试验 22 完成，分数: nan
2025-09-25 15:53:37,415 - INFO - 开始试验 23 用于模型 cat
2025-09-25 15:53:38,106 - INFO - 试验 23 完成，分数: nan
2025-09-25 15:53:38,108 - INFO - 开始试验 24 用于模型 cat
2025-09-25 15:53:38,361 - INFO - 试验 24 完成，分数: nan
2025-09-25 15:53:38,365 - INFO - 开始试验 25 用于模型 cat
2025-09-25 15:53:38,517 - INFO - 试验 25 完成，分数: nan
2025-09-25 15:53:38,518 - INFO - 开始试验 26 用于模型 cat
2025-09-25 15:53:39,148 - INFO - 试验 26 完成，分数: nan
2025-09-25 15:53:39,150 - INFO - 开始试验 27 用于模型 cat
2025-09-25 15:53:39,367 - INFO - 试验 27 完成，分数: nan
2025-09-25 15:53:39,369 - INFO - 开始试验 28 用于模型 cat
2025-09-25 15:53:40,190 - INFO - 试验 28 完成，分数: nan
2025-09-25 15:53:40,191 - INFO - 开始试验 29 用于模型 cat
2025-09-25 15:53:41,456 - INFO - 试验 29 完成，分数: nan
2025-09-25 15:53:41,457 - INFO - 开始试验 30 用于模型 cat
2025-09-25 15:53:41,893 - INFO - 试验 30 完成，分数: nan
2025-09-25 15:53:41,894 - INFO - 开始试验 31 用于模型 cat
2025-09-25 15:53:42,469 - INFO - 试验 31 完成，分数: nan
2025-09-25 15:53:42,470 - INFO - 开始试验 32 用于模型 cat
2025-09-25 15:53:42,628 - INFO - 试验 32 完成，分数: nan
2025-09-25 15:53:42,629 - INFO - 开始试验 33 用于模型 cat
2025-09-25 15:53:43,080 - INFO - 试验 33 完成，分数: nan
2025-09-25 15:53:43,081 - INFO - 开始试验 34 用于模型 cat
2025-09-25 15:53:43,380 - INFO - 试验 34 完成，分数: nan
2025-09-25 15:53:43,381 - INFO - 开始试验 35 用于模型 cat
2025-09-25 15:53:43,991 - INFO - 试验 35 完成，分数: nan
2025-09-25 15:53:43,993 - INFO - 开始试验 36 用于模型 cat
2025-09-25 15:53:44,348 - INFO - 试验 36 完成，分数: nan
2025-09-25 15:53:44,350 - INFO - 开始试验 37 用于模型 cat
2025-09-25 15:53:44,660 - INFO - 试验 37 完成，分数: nan
2025-09-25 15:53:44,661 - INFO - 开始试验 38 用于模型 cat
2025-09-25 15:53:45,143 - INFO - 试验 38 完成，分数: nan
2025-09-25 15:53:45,144 - INFO - 开始试验 39 用于模型 cat
2025-09-25 15:53:45,544 - INFO - 试验 39 完成，分数: nan
2025-09-25 15:53:45,546 - INFO - 开始试验 40 用于模型 cat
2025-09-25 15:53:46,058 - INFO - 试验 40 完成，分数: nan
2025-09-25 15:53:46,060 - INFO - 开始试验 41 用于模型 cat
2025-09-25 15:53:46,197 - INFO - 试验 41 完成，分数: nan
2025-09-25 15:53:46,199 - INFO - 开始试验 42 用于模型 cat
2025-09-25 15:53:46,397 - INFO - 试验 42 完成，分数: nan
2025-09-25 15:53:46,398 - INFO - 开始试验 43 用于模型 cat
2025-09-25 15:53:46,927 - INFO - 试验 43 完成，分数: nan
2025-09-25 15:53:46,929 - INFO - 开始试验 44 用于模型 cat
2025-09-25 15:53:48,104 - INFO - 试验 44 完成，分数: nan
2025-09-25 15:53:48,105 - INFO - 开始试验 45 用于模型 cat
2025-09-25 15:53:48,840 - INFO - 试验 45 完成，分数: nan
2025-09-25 15:53:48,842 - INFO - 开始试验 46 用于模型 cat
2025-09-25 15:53:49,439 - INFO - 试验 46 完成，分数: nan
2025-09-25 15:53:49,441 - INFO - 开始试验 47 用于模型 cat
2025-09-25 15:53:49,687 - INFO - 试验 47 完成，分数: nan
2025-09-25 15:53:49,689 - INFO - 开始试验 48 用于模型 cat
2025-09-25 15:53:50,173 - INFO - 试验 48 完成，分数: nan
2025-09-25 15:53:50,175 - INFO - 开始试验 49 用于模型 cat
2025-09-25 15:53:51,342 - INFO - 试验 49 完成，分数: nan
2025-09-25 15:53:51,345 - WARNING - CatBoost没有完成任何试验，使用默认参数
2025-09-25 15:53:51,346 - INFO - 训练Stacking模型
2025-09-25 15:53:55,334 - INFO - 生成预测结果
2025-09-25 15:53:55,347 - INFO - 提交文件已保存为 submission.csv
2025-09-25 15:53:55,348 - INFO - 训练完成，总耗时: 0:00:38.056396
2025-09-25 15:54:04,927 - INFO - 开始房价预测模型训练流程
2025-09-25 15:54:04,927 - INFO - 加载并预处理数据
2025-09-25 15:54:04,946 - INFO - 合并后的数据形状: (2919, 79)
2025-09-25 15:54:04,947 - INFO - 处理缺失值
2025-09-25 15:54:04,953 - INFO - 数值型特征数量: 36, 分类型特征数量: 43
2025-09-25 15:54:04,976 - INFO - 编码分类型特征
2025-09-25 15:54:04,995 - INFO - 创建新特征
2025-09-25 15:54:04,998 - INFO - 验证数据质量
2025-09-25 15:54:05,000 - INFO - 训练集缺失值数量: 0
2025-09-25 15:54:05,002 - INFO - 测试集缺失值数量: 0
2025-09-25 15:54:05,004 - INFO - 训练集无穷值数量: 0
2025-09-25 15:54:05,006 - INFO - 测试集无穷值数量: 0
2025-09-25 15:54:05,006 - INFO - 目标变量最小值: 10.460270761075149, 最大值: 13.534474352733596, 缺失值: 0
2025-09-25 15:54:05,012 - INFO - 进行特征选择
2025-09-25 15:54:08,169 - INFO - 选择的特征数量: 35
2025-09-25 15:54:08,169 - INFO - 选择的特征: MSZoning, LotArea, LandContour, Neighborhood, Condition2, OverallQual, OverallCond, YearBuilt, YearRemodAdd, ExterCond, BsmtQual, BsmtFinSF1, BsmtUnfSF, CentralAir, 2ndFlrSF, GrLivArea, BsmtHalfBath, FullBath, HalfBath, KitchenAbvGr, KitchenQual, Functional, Fireplaces, GarageType, GarageYrBlt, GarageCars, GarageArea, GarageCond, PavedDrive, EnclosedPorch, ScreenPorch, PoolArea, SaleCondition, TotalSF, YearDiff
2025-09-25 15:54:08,170 - INFO - 开始超参数优化
2025-09-25 15:54:08,170 - INFO - 优化XGBoost超参数
2025-09-25 15:54:08,174 - INFO - 开始试验 0 用于模型 xgb
2025-09-25 15:54:08,704 - INFO - 试验 0 完成，分数: nan
2025-09-25 15:54:08,705 - INFO - 开始试验 1 用于模型 xgb
2025-09-25 15:54:09,196 - INFO - 试验 1 完成，分数: nan
2025-09-25 15:54:09,198 - INFO - 开始试验 2 用于模型 xgb
2025-09-25 15:54:09,492 - INFO - 试验 2 完成，分数: nan
2025-09-25 15:54:09,494 - INFO - 开始试验 3 用于模型 xgb
2025-09-25 15:54:09,774 - INFO - 试验 3 完成，分数: nan
2025-09-25 15:54:09,775 - INFO - 开始试验 4 用于模型 xgb
2025-09-25 15:54:10,260 - INFO - 试验 4 完成，分数: nan
2025-09-25 15:54:10,262 - INFO - XGBoost完成的试验数量: 0/5
2025-09-25 15:54:10,262 - WARNING - XGBoost没有完成任何试验，使用默认参数
2025-09-25 15:54:10,262 - INFO - 优化LightGBM超参数
2025-09-25 15:54:10,267 - INFO - 开始试验 0 用于模型 lgb
2025-09-25 15:54:10,403 - INFO - 试验 0 完成，分数: nan
2025-09-25 15:54:10,405 - INFO - 开始试验 1 用于模型 lgb
2025-09-25 15:54:10,561 - INFO - 试验 1 完成，分数: nan
2025-09-25 15:54:10,562 - INFO - 开始试验 2 用于模型 lgb
2025-09-25 15:54:10,633 - INFO - 试验 2 完成，分数: nan
2025-09-25 15:54:10,634 - INFO - 开始试验 3 用于模型 lgb
2025-09-25 15:54:10,736 - INFO - 试验 3 完成，分数: nan
2025-09-25 15:54:10,737 - INFO - 开始试验 4 用于模型 lgb
2025-09-25 15:54:10,891 - INFO - 试验 4 完成，分数: nan
2025-09-25 15:54:10,892 - INFO - 开始试验 5 用于模型 lgb
2025-09-25 15:54:11,127 - INFO - 试验 5 完成，分数: nan
2025-09-25 15:54:11,128 - INFO - 开始试验 6 用于模型 lgb
2025-09-25 15:54:11,239 - INFO - 试验 6 完成，分数: nan
2025-09-25 15:54:11,241 - INFO - 开始试验 7 用于模型 lgb
2025-09-25 15:54:11,364 - INFO - 试验 7 完成，分数: nan
2025-09-25 15:54:11,366 - INFO - 开始试验 8 用于模型 lgb
2025-09-25 15:54:11,421 - INFO - 试验 8 完成，分数: nan
2025-09-25 15:54:11,422 - INFO - 开始试验 9 用于模型 lgb
2025-09-25 15:54:11,598 - INFO - 试验 9 完成，分数: nan
2025-09-25 15:54:11,599 - INFO - 开始试验 10 用于模型 lgb
2025-09-25 15:54:11,870 - INFO - 试验 10 完成，分数: nan
2025-09-25 15:54:11,871 - INFO - 开始试验 11 用于模型 lgb
2025-09-25 15:54:12,071 - INFO - 试验 11 完成，分数: nan
2025-09-25 15:54:12,073 - INFO - 开始试验 12 用于模型 lgb
2025-09-25 15:54:12,268 - INFO - 试验 12 完成，分数: nan
2025-09-25 15:54:12,269 - INFO - 开始试验 13 用于模型 lgb
2025-09-25 15:54:12,522 - INFO - 试验 13 完成，分数: nan
2025-09-25 15:54:12,523 - INFO - 开始试验 14 用于模型 lgb
2025-09-25 15:54:12,638 - INFO - 试验 14 完成，分数: nan
2025-09-25 15:54:12,639 - INFO - 开始试验 15 用于模型 lgb
2025-09-25 15:54:12,749 - INFO - 试验 15 完成，分数: nan
2025-09-25 15:54:12,750 - INFO - 开始试验 16 用于模型 lgb
2025-09-25 15:54:12,908 - INFO - 试验 16 完成，分数: nan
2025-09-25 15:54:12,909 - INFO - 开始试验 17 用于模型 lgb
2025-09-25 15:54:13,023 - INFO - 试验 17 完成，分数: nan
2025-09-25 15:54:13,024 - INFO - 开始试验 18 用于模型 lgb
2025-09-25 15:54:13,117 - INFO - 试验 18 完成，分数: nan
2025-09-25 15:54:13,118 - INFO - 开始试验 19 用于模型 lgb
2025-09-25 15:54:13,255 - INFO - 试验 19 完成，分数: nan
2025-09-25 15:54:13,257 - INFO - 开始试验 20 用于模型 lgb
2025-09-25 15:54:13,311 - INFO - 试验 20 完成，分数: nan
2025-09-25 15:54:13,313 - INFO - 开始试验 21 用于模型 lgb
2025-09-25 15:54:13,452 - INFO - 试验 21 完成，分数: nan
2025-09-25 15:54:13,453 - INFO - 开始试验 22 用于模型 lgb
2025-09-25 15:54:13,651 - INFO - 试验 22 完成，分数: nan
2025-09-25 15:54:13,652 - INFO - 开始试验 23 用于模型 lgb
2025-09-25 15:54:13,768 - INFO - 试验 23 完成，分数: nan
2025-09-25 15:54:13,769 - INFO - 开始试验 24 用于模型 lgb
2025-09-25 15:54:13,923 - INFO - 试验 24 完成，分数: nan
2025-09-25 15:54:13,925 - INFO - 开始试验 25 用于模型 lgb
2025-09-25 15:54:14,075 - INFO - 试验 25 完成，分数: nan
2025-09-25 15:54:14,076 - INFO - 开始试验 26 用于模型 lgb
2025-09-25 15:54:14,161 - INFO - 试验 26 完成，分数: nan
2025-09-25 15:54:14,163 - INFO - 开始试验 27 用于模型 lgb
2025-09-25 15:54:14,303 - INFO - 试验 27 完成，分数: nan
2025-09-25 15:54:14,305 - INFO - 开始试验 28 用于模型 lgb
2025-09-25 15:54:14,540 - INFO - 试验 28 完成，分数: nan
2025-09-25 15:54:14,541 - INFO - 开始试验 29 用于模型 lgb
2025-09-25 15:54:14,608 - INFO - 试验 29 完成，分数: nan
2025-09-25 15:54:14,609 - INFO - 开始试验 30 用于模型 lgb
2025-09-25 15:54:14,749 - INFO - 试验 30 完成，分数: nan
2025-09-25 15:54:14,750 - INFO - 开始试验 31 用于模型 lgb
2025-09-25 15:54:14,867 - INFO - 试验 31 完成，分数: nan
2025-09-25 15:54:14,869 - INFO - 开始试验 32 用于模型 lgb
2025-09-25 15:54:15,008 - INFO - 试验 32 完成，分数: nan
2025-09-25 15:54:15,009 - INFO - 开始试验 33 用于模型 lgb
2025-09-25 15:54:15,134 - INFO - 试验 33 完成，分数: nan
2025-09-25 15:54:15,136 - INFO - 开始试验 34 用于模型 lgb
2025-09-25 15:54:15,378 - INFO - 试验 34 完成，分数: nan
2025-09-25 15:54:15,379 - INFO - 开始试验 35 用于模型 lgb
2025-09-25 15:54:15,447 - INFO - 试验 35 完成，分数: nan
2025-09-25 15:54:15,448 - INFO - 开始试验 36 用于模型 lgb
2025-09-25 15:54:15,678 - INFO - 试验 36 完成，分数: nan
2025-09-25 15:54:15,680 - INFO - 开始试验 37 用于模型 lgb
2025-09-25 15:54:15,840 - INFO - 试验 37 完成，分数: nan
2025-09-25 15:54:15,841 - INFO - 开始试验 38 用于模型 lgb
2025-09-25 15:54:15,916 - INFO - 试验 38 完成，分数: nan
2025-09-25 15:54:15,917 - INFO - 开始试验 39 用于模型 lgb
2025-09-25 15:54:16,070 - INFO - 试验 39 完成，分数: nan
2025-09-25 15:54:16,072 - INFO - 开始试验 40 用于模型 lgb
2025-09-25 15:54:16,192 - INFO - 试验 40 完成，分数: nan
2025-09-25 15:54:16,193 - INFO - 开始试验 41 用于模型 lgb
2025-09-25 15:54:16,296 - INFO - 试验 41 完成，分数: nan
2025-09-25 15:54:16,297 - INFO - 开始试验 42 用于模型 lgb
2025-09-25 15:54:16,456 - INFO - 试验 42 完成，分数: nan
2025-09-25 15:54:16,458 - INFO - 开始试验 43 用于模型 lgb
2025-09-25 15:54:16,608 - INFO - 试验 43 完成，分数: nan
2025-09-25 15:54:16,609 - INFO - 开始试验 44 用于模型 lgb
2025-09-25 15:54:16,707 - INFO - 试验 44 完成，分数: nan
2025-09-25 15:54:16,708 - INFO - 开始试验 45 用于模型 lgb
2025-09-25 15:54:16,786 - INFO - 试验 45 完成，分数: nan
2025-09-25 15:54:16,788 - INFO - 开始试验 46 用于模型 lgb
2025-09-25 15:54:16,984 - INFO - 试验 46 完成，分数: nan
2025-09-25 15:54:16,985 - INFO - 开始试验 47 用于模型 lgb
2025-09-25 15:54:17,104 - INFO - 试验 47 完成，分数: nan
2025-09-25 15:54:17,105 - INFO - 开始试验 48 用于模型 lgb
2025-09-25 15:54:17,389 - INFO - 试验 48 完成，分数: nan
2025-09-25 15:54:17,391 - INFO - 开始试验 49 用于模型 lgb
2025-09-25 15:54:17,690 - INFO - 试验 49 完成，分数: nan
2025-09-25 15:54:17,693 - WARNING - LightGBM没有完成任何试验，使用默认参数
2025-09-25 15:54:17,694 - INFO - 优化CatBoost超参数
2025-09-25 15:54:17,698 - INFO - 开始试验 0 用于模型 cat
2025-09-25 15:54:18,137 - INFO - 试验 0 完成，分数: nan
2025-09-25 15:54:18,138 - INFO - 开始试验 1 用于模型 cat
2025-09-25 15:54:18,279 - INFO - 试验 1 完成，分数: nan
2025-09-25 15:54:18,281 - INFO - 开始试验 2 用于模型 cat
2025-09-25 15:54:18,556 - INFO - 试验 2 完成，分数: nan
2025-09-25 15:54:18,557 - INFO - 开始试验 3 用于模型 cat
2025-09-25 15:54:18,903 - INFO - 试验 3 完成，分数: nan
2025-09-25 15:54:18,904 - INFO - 开始试验 4 用于模型 cat
2025-09-25 15:54:19,175 - INFO - 试验 4 完成，分数: nan
2025-09-25 15:54:19,176 - INFO - 开始试验 5 用于模型 cat
2025-09-25 15:54:19,542 - INFO - 试验 5 完成，分数: nan
2025-09-25 15:54:19,543 - INFO - 开始试验 6 用于模型 cat
2025-09-25 15:54:19,786 - INFO - 试验 6 完成，分数: nan
2025-09-25 15:54:19,788 - INFO - 开始试验 7 用于模型 cat
2025-09-25 15:54:20,397 - INFO - 试验 7 完成，分数: nan
2025-09-25 15:54:20,398 - INFO - 开始试验 8 用于模型 cat
2025-09-25 15:54:20,663 - INFO - 试验 8 完成，分数: nan
2025-09-25 15:54:20,664 - INFO - 开始试验 9 用于模型 cat
2025-09-25 15:54:21,029 - INFO - 试验 9 完成，分数: nan
2025-09-25 15:54:21,030 - INFO - 开始试验 10 用于模型 cat
2025-09-25 15:54:21,171 - INFO - 试验 10 完成，分数: nan
2025-09-25 15:54:21,172 - INFO - 开始试验 11 用于模型 cat
2025-09-25 15:54:21,394 - INFO - 试验 11 完成，分数: nan
2025-09-25 15:54:21,395 - INFO - 开始试验 12 用于模型 cat
2025-09-25 15:54:22,251 - INFO - 试验 12 完成，分数: nan
2025-09-25 15:54:22,253 - INFO - 开始试验 13 用于模型 cat
2025-09-25 15:54:22,890 - INFO - 试验 13 完成，分数: nan
2025-09-25 15:54:22,892 - INFO - 开始试验 14 用于模型 cat
2025-09-25 15:54:22,999 - INFO - 试验 14 完成，分数: nan
2025-09-25 15:54:23,000 - INFO - 开始试验 15 用于模型 cat
2025-09-25 15:54:23,607 - INFO - 试验 15 完成，分数: nan
2025-09-25 15:54:23,609 - INFO - 开始试验 16 用于模型 cat
2025-09-25 15:54:23,784 - INFO - 试验 16 完成，分数: nan
2025-09-25 15:54:23,786 - INFO - 开始试验 17 用于模型 cat
2025-09-25 15:54:23,983 - INFO - 试验 17 完成，分数: nan
2025-09-25 15:54:23,985 - INFO - 开始试验 18 用于模型 cat
2025-09-25 15:54:24,180 - INFO - 试验 18 完成，分数: nan
2025-09-25 15:54:24,181 - INFO - 开始试验 19 用于模型 cat
2025-09-25 15:54:24,589 - INFO - 试验 19 完成，分数: nan
2025-09-25 15:54:24,591 - INFO - 开始试验 20 用于模型 cat
2025-09-25 15:54:25,041 - INFO - 试验 20 完成，分数: nan
2025-09-25 15:54:25,042 - INFO - 开始试验 21 用于模型 cat
2025-09-25 15:54:25,394 - INFO - 试验 21 完成，分数: nan
2025-09-25 15:54:25,395 - INFO - 开始试验 22 用于模型 cat
2025-09-25 15:54:25,741 - INFO - 试验 22 完成，分数: nan
2025-09-25 15:54:25,742 - INFO - 开始试验 23 用于模型 cat
2025-09-25 15:54:26,501 - INFO - 试验 23 完成，分数: nan
2025-09-25 15:54:26,502 - INFO - 开始试验 24 用于模型 cat
2025-09-25 15:54:26,753 - INFO - 试验 24 完成，分数: nan
2025-09-25 15:54:26,754 - INFO - 开始试验 25 用于模型 cat
2025-09-25 15:54:26,885 - INFO - 试验 25 完成，分数: nan
2025-09-25 15:54:26,886 - INFO - 开始试验 26 用于模型 cat
2025-09-25 15:54:27,544 - INFO - 试验 26 完成，分数: nan
2025-09-25 15:54:27,546 - INFO - 开始试验 27 用于模型 cat
2025-09-25 15:54:27,779 - INFO - 试验 27 完成，分数: nan
2025-09-25 15:54:27,781 - INFO - 开始试验 28 用于模型 cat
2025-09-25 15:54:28,916 - INFO - 试验 28 完成，分数: nan
2025-09-25 15:54:28,917 - INFO - 开始试验 29 用于模型 cat
2025-09-25 15:54:30,404 - INFO - 试验 29 完成，分数: nan
2025-09-25 15:54:30,406 - INFO - 开始试验 30 用于模型 cat
2025-09-25 15:54:30,877 - INFO - 试验 30 完成，分数: nan
2025-09-25 15:54:30,878 - INFO - 开始试验 31 用于模型 cat
2025-09-25 15:54:31,489 - INFO - 试验 31 完成，分数: nan
2025-09-25 15:54:31,491 - INFO - 开始试验 32 用于模型 cat
2025-09-25 15:54:31,653 - INFO - 试验 32 完成，分数: nan
2025-09-25 15:54:31,654 - INFO - 开始试验 33 用于模型 cat
2025-09-25 15:54:32,170 - INFO - 试验 33 完成，分数: nan
2025-09-25 15:54:32,172 - INFO - 开始试验 34 用于模型 cat
2025-09-25 15:54:32,497 - INFO - 试验 34 完成，分数: nan
2025-09-25 15:54:32,498 - INFO - 开始试验 35 用于模型 cat
2025-09-25 15:54:33,243 - INFO - 试验 35 完成，分数: nan
2025-09-25 15:54:33,244 - INFO - 开始试验 36 用于模型 cat
2025-09-25 15:54:33,647 - INFO - 试验 36 完成，分数: nan
2025-09-25 15:54:33,648 - INFO - 开始试验 37 用于模型 cat
2025-09-25 15:54:33,975 - INFO - 试验 37 完成，分数: nan
2025-09-25 15:54:33,977 - INFO - 开始试验 38 用于模型 cat
2025-09-25 15:54:34,488 - INFO - 试验 38 完成，分数: nan
2025-09-25 15:54:34,490 - INFO - 开始试验 39 用于模型 cat
2025-09-25 15:54:34,905 - INFO - 试验 39 完成，分数: nan
2025-09-25 15:54:34,906 - INFO - 开始试验 40 用于模型 cat
2025-09-25 15:54:35,465 - INFO - 试验 40 完成，分数: nan
2025-09-25 15:54:35,467 - INFO - 开始试验 41 用于模型 cat
2025-09-25 15:54:35,596 - INFO - 试验 41 完成，分数: nan
2025-09-25 15:54:35,597 - INFO - 开始试验 42 用于模型 cat
2025-09-25 15:54:35,805 - INFO - 试验 42 完成，分数: nan
2025-09-25 15:54:35,806 - INFO - 开始试验 43 用于模型 cat
2025-09-25 15:54:36,371 - INFO - 试验 43 完成，分数: nan
2025-09-25 15:54:36,374 - INFO - 开始试验 44 用于模型 cat
2025-09-25 15:54:37,647 - INFO - 试验 44 完成，分数: nan
2025-09-25 15:54:37,649 - INFO - 开始试验 45 用于模型 cat
2025-09-25 15:54:38,490 - INFO - 试验 45 完成，分数: nan
2025-09-25 15:54:38,492 - INFO - 开始试验 46 用于模型 cat
2025-09-25 15:54:39,159 - INFO - 试验 46 完成，分数: nan
2025-09-25 15:54:39,161 - INFO - 开始试验 47 用于模型 cat
2025-09-25 15:54:39,420 - INFO - 试验 47 完成，分数: nan
2025-09-25 15:54:39,422 - INFO - 开始试验 48 用于模型 cat
2025-09-25 15:54:39,943 - INFO - 试验 48 完成，分数: nan
2025-09-25 15:54:39,945 - INFO - 开始试验 49 用于模型 cat
2025-09-25 15:54:41,260 - INFO - 试验 49 完成，分数: nan
2025-09-25 15:54:41,264 - WARNING - CatBoost没有完成任何试验，使用默认参数
2025-09-25 15:54:41,264 - INFO - 训练Stacking模型
2025-09-25 15:54:44,940 - INFO - 生成预测结果
2025-09-25 15:54:44,955 - INFO - 提交文件已保存为 submission.csv
2025-09-25 15:54:44,956 - INFO - 训练完成，总耗时: 0:00:40.028286
2025-09-25 15:57:17,358 - INFO - 开始房价预测模型训练流程
2025-09-25 15:57:17,358 - INFO - 加载并预处理数据
2025-09-25 15:57:17,378 - INFO - 合并后的数据形状: (2919, 79)
2025-09-25 15:57:17,379 - INFO - 处理缺失值
2025-09-25 15:57:17,385 - INFO - 数值型特征数量: 36, 分类型特征数量: 43
2025-09-25 15:57:17,408 - INFO - 编码分类型特征
2025-09-25 15:57:17,427 - INFO - 创建新特征
2025-09-25 15:57:17,430 - INFO - 验证数据质量
2025-09-25 15:57:17,432 - INFO - 训练集缺失值数量: 0
2025-09-25 15:57:17,434 - INFO - 测试集缺失值数量: 0
2025-09-25 15:57:17,435 - INFO - 训练集无穷值数量: 0
2025-09-25 15:57:17,437 - INFO - 测试集无穷值数量: 0
2025-09-25 15:57:17,438 - INFO - 目标变量最小值: 10.460270761075149, 最大值: 13.534474352733596, 缺失值: 0
2025-09-25 15:57:17,443 - INFO - 进行特征选择
2025-09-25 15:57:20,556 - INFO - 选择的特征数量: 35
2025-09-25 15:57:20,556 - INFO - 选择的特征: MSZoning, LotArea, LandContour, Neighborhood, Condition2, OverallQual, OverallCond, YearBuilt, YearRemodAdd, ExterCond, BsmtQual, BsmtFinSF1, BsmtUnfSF, CentralAir, 2ndFlrSF, GrLivArea, BsmtHalfBath, FullBath, HalfBath, KitchenAbvGr, KitchenQual, Functional, Fireplaces, GarageType, GarageYrBlt, GarageCars, GarageArea, GarageCond, PavedDrive, EnclosedPorch, ScreenPorch, PoolArea, SaleCondition, TotalSF, YearDiff
2025-09-25 15:57:20,557 - INFO - 开始超参数优化
2025-09-25 15:57:20,557 - INFO - 优化XGBoost超参数
2025-09-25 15:57:20,561 - INFO - 开始试验 0 用于模型 xgb
2025-09-25 15:57:21,087 - INFO - 试验 0 完成，分数: nan
2025-09-25 15:57:21,088 - INFO - 开始试验 1 用于模型 xgb
2025-09-25 15:57:21,579 - INFO - 试验 1 完成，分数: nan
2025-09-25 15:57:21,580 - INFO - 开始试验 2 用于模型 xgb
2025-09-25 15:57:21,869 - INFO - 试验 2 完成，分数: nan
2025-09-25 15:57:21,870 - INFO - 开始试验 3 用于模型 xgb
2025-09-25 15:57:22,150 - INFO - 试验 3 完成，分数: nan
2025-09-25 15:57:22,151 - INFO - 开始试验 4 用于模型 xgb
2025-09-25 15:57:22,634 - INFO - 试验 4 完成，分数: nan
2025-09-25 15:57:22,636 - INFO - XGBoost完成的试验数量: 0/5
2025-09-25 15:57:22,637 - WARNING - XGBoost没有完成任何试验，使用默认参数
2025-09-25 15:57:22,637 - INFO - 优化LightGBM超参数
2025-09-25 15:57:22,642 - INFO - 开始试验 0 用于模型 lgb
2025-09-25 15:57:22,776 - INFO - 试验 0 完成，分数: nan
2025-09-25 15:57:22,777 - INFO - 开始试验 1 用于模型 lgb
2025-09-25 15:57:22,934 - INFO - 试验 1 完成，分数: nan
2025-09-25 15:57:22,936 - INFO - 开始试验 2 用于模型 lgb
2025-09-25 15:57:23,007 - INFO - 试验 2 完成，分数: nan
2025-09-25 15:57:23,008 - INFO - 开始试验 3 用于模型 lgb
2025-09-25 15:57:23,113 - INFO - 试验 3 完成，分数: nan
2025-09-25 15:57:23,114 - INFO - 开始试验 4 用于模型 lgb
2025-09-25 15:57:23,271 - INFO - 试验 4 完成，分数: nan
2025-09-25 15:57:23,272 - INFO - 开始试验 5 用于模型 lgb
2025-09-25 15:57:23,494 - INFO - 试验 5 完成，分数: nan
2025-09-25 15:57:23,495 - INFO - 开始试验 6 用于模型 lgb
2025-09-25 15:57:23,602 - INFO - 试验 6 完成，分数: nan
2025-09-25 15:57:23,603 - INFO - 开始试验 7 用于模型 lgb
2025-09-25 15:57:23,726 - INFO - 试验 7 完成，分数: nan
2025-09-25 15:57:23,727 - INFO - 开始试验 8 用于模型 lgb
2025-09-25 15:57:23,782 - INFO - 试验 8 完成，分数: nan
2025-09-25 15:57:23,783 - INFO - 开始试验 9 用于模型 lgb
2025-09-25 15:57:23,966 - INFO - 试验 9 完成，分数: nan
2025-09-25 15:57:23,968 - INFO - 开始试验 10 用于模型 lgb
2025-09-25 15:57:24,236 - INFO - 试验 10 完成，分数: nan
2025-09-25 15:57:24,237 - INFO - 开始试验 11 用于模型 lgb
2025-09-25 15:57:24,381 - INFO - 试验 11 完成，分数: nan
2025-09-25 15:57:24,382 - INFO - 开始试验 12 用于模型 lgb
2025-09-25 15:57:24,583 - INFO - 试验 12 完成，分数: nan
2025-09-25 15:57:24,584 - INFO - 开始试验 13 用于模型 lgb
2025-09-25 15:57:24,842 - INFO - 试验 13 完成，分数: nan
2025-09-25 15:57:24,843 - INFO - 开始试验 14 用于模型 lgb
2025-09-25 15:57:24,960 - INFO - 试验 14 完成，分数: nan
2025-09-25 15:57:24,961 - INFO - 开始试验 15 用于模型 lgb
2025-09-25 15:57:25,070 - INFO - 试验 15 完成，分数: nan
2025-09-25 15:57:25,072 - INFO - 开始试验 16 用于模型 lgb
2025-09-25 15:57:25,233 - INFO - 试验 16 完成，分数: nan
2025-09-25 15:57:25,234 - INFO - 开始试验 17 用于模型 lgb
2025-09-25 15:57:25,346 - INFO - 试验 17 完成，分数: nan
2025-09-25 15:57:25,347 - INFO - 开始试验 18 用于模型 lgb
2025-09-25 15:57:25,440 - INFO - 试验 18 完成，分数: nan
2025-09-25 15:57:25,441 - INFO - 开始试验 19 用于模型 lgb
2025-09-25 15:57:25,589 - INFO - 试验 19 完成，分数: nan
2025-09-25 15:57:25,591 - INFO - 开始试验 20 用于模型 lgb
2025-09-25 15:57:25,646 - INFO - 试验 20 完成，分数: nan
2025-09-25 15:57:25,647 - INFO - 开始试验 21 用于模型 lgb
2025-09-25 15:57:25,782 - INFO - 试验 21 完成，分数: nan
2025-09-25 15:57:25,783 - INFO - 开始试验 22 用于模型 lgb
2025-09-25 15:57:25,974 - INFO - 试验 22 完成，分数: nan
2025-09-25 15:57:25,975 - INFO - 开始试验 23 用于模型 lgb
2025-09-25 15:57:26,090 - INFO - 试验 23 完成，分数: nan
2025-09-25 15:57:26,092 - INFO - 开始试验 24 用于模型 lgb
2025-09-25 15:57:26,246 - INFO - 试验 24 完成，分数: nan
2025-09-25 15:57:26,247 - INFO - 开始试验 25 用于模型 lgb
2025-09-25 15:57:26,395 - INFO - 试验 25 完成，分数: nan
2025-09-25 15:57:26,396 - INFO - 开始试验 26 用于模型 lgb
2025-09-25 15:57:26,480 - INFO - 试验 26 完成，分数: nan
2025-09-25 15:57:26,481 - INFO - 开始试验 27 用于模型 lgb
2025-09-25 15:57:26,608 - INFO - 试验 27 完成，分数: nan
2025-09-25 15:57:26,609 - INFO - 开始试验 28 用于模型 lgb
2025-09-25 15:57:26,841 - INFO - 试验 28 完成，分数: nan
2025-09-25 15:57:26,843 - INFO - 开始试验 29 用于模型 lgb
2025-09-25 15:57:26,909 - INFO - 试验 29 完成，分数: nan
2025-09-25 15:57:26,911 - INFO - 开始试验 30 用于模型 lgb
2025-09-25 15:57:27,050 - INFO - 试验 30 完成，分数: nan
2025-09-25 15:57:27,051 - INFO - 开始试验 31 用于模型 lgb
2025-09-25 15:57:27,168 - INFO - 试验 31 完成，分数: nan
2025-09-25 15:57:27,170 - INFO - 开始试验 32 用于模型 lgb
2025-09-25 15:57:27,313 - INFO - 试验 32 完成，分数: nan
2025-09-25 15:57:27,314 - INFO - 开始试验 33 用于模型 lgb
2025-09-25 15:57:27,439 - INFO - 试验 33 完成，分数: nan
2025-09-25 15:57:27,440 - INFO - 开始试验 34 用于模型 lgb
2025-09-25 15:57:27,688 - INFO - 试验 34 完成，分数: nan
2025-09-25 15:57:27,689 - INFO - 开始试验 35 用于模型 lgb
2025-09-25 15:57:27,766 - INFO - 试验 35 完成，分数: nan
2025-09-25 15:57:27,767 - INFO - 开始试验 36 用于模型 lgb
2025-09-25 15:57:27,995 - INFO - 试验 36 完成，分数: nan
2025-09-25 15:57:27,996 - INFO - 开始试验 37 用于模型 lgb
2025-09-25 15:57:28,145 - INFO - 试验 37 完成，分数: nan
2025-09-25 15:57:28,147 - INFO - 开始试验 38 用于模型 lgb
2025-09-25 15:57:28,220 - INFO - 试验 38 完成，分数: nan
2025-09-25 15:57:28,221 - INFO - 开始试验 39 用于模型 lgb
2025-09-25 15:57:28,373 - INFO - 试验 39 完成，分数: nan
2025-09-25 15:57:28,374 - INFO - 开始试验 40 用于模型 lgb
2025-09-25 15:57:28,485 - INFO - 试验 40 完成，分数: nan
2025-09-25 15:57:28,486 - INFO - 开始试验 41 用于模型 lgb
2025-09-25 15:57:28,587 - INFO - 试验 41 完成，分数: nan
2025-09-25 15:57:28,588 - INFO - 开始试验 42 用于模型 lgb
2025-09-25 15:57:28,745 - INFO - 试验 42 完成，分数: nan
2025-09-25 15:57:28,747 - INFO - 开始试验 43 用于模型 lgb
2025-09-25 15:57:28,896 - INFO - 试验 43 完成，分数: nan
2025-09-25 15:57:28,897 - INFO - 开始试验 44 用于模型 lgb
2025-09-25 15:57:28,995 - INFO - 试验 44 完成，分数: nan
2025-09-25 15:57:28,996 - INFO - 开始试验 45 用于模型 lgb
2025-09-25 15:57:29,073 - INFO - 试验 45 完成，分数: nan
2025-09-25 15:57:29,075 - INFO - 开始试验 46 用于模型 lgb
2025-09-25 15:57:29,267 - INFO - 试验 46 完成，分数: nan
2025-09-25 15:57:29,269 - INFO - 开始试验 47 用于模型 lgb
2025-09-25 15:57:29,386 - INFO - 试验 47 完成，分数: nan
2025-09-25 15:57:29,387 - INFO - 开始试验 48 用于模型 lgb
2025-09-25 15:57:29,670 - INFO - 试验 48 完成，分数: nan
2025-09-25 15:57:29,671 - INFO - 开始试验 49 用于模型 lgb
2025-09-25 15:57:29,966 - INFO - 试验 49 完成，分数: nan
2025-09-25 15:57:29,969 - WARNING - LightGBM没有完成任何试验，使用默认参数
2025-09-25 15:57:29,969 - INFO - 优化CatBoost超参数
2025-09-25 15:57:29,974 - INFO - 开始试验 0 用于模型 cat
2025-09-25 15:57:30,412 - INFO - 试验 0 完成，分数: nan
2025-09-25 15:57:30,414 - INFO - 开始试验 1 用于模型 cat
2025-09-25 15:57:30,560 - INFO - 试验 1 完成，分数: nan
2025-09-25 15:57:30,562 - INFO - 开始试验 2 用于模型 cat
2025-09-25 15:57:30,830 - INFO - 试验 2 完成，分数: nan
2025-09-25 15:57:30,832 - INFO - 开始试验 3 用于模型 cat
2025-09-25 15:57:31,186 - INFO - 试验 3 完成，分数: nan
2025-09-25 15:57:31,187 - INFO - 开始试验 4 用于模型 cat
2025-09-25 15:57:31,467 - INFO - 试验 4 完成，分数: nan
2025-09-25 15:57:31,469 - INFO - 开始试验 5 用于模型 cat
2025-09-25 15:57:31,824 - INFO - 试验 5 完成，分数: nan
2025-09-25 15:57:31,825 - INFO - 开始试验 6 用于模型 cat
2025-09-25 15:57:32,069 - INFO - 试验 6 完成，分数: nan
2025-09-25 15:57:32,070 - INFO - 开始试验 7 用于模型 cat
2025-09-25 15:57:32,671 - INFO - 试验 7 完成，分数: nan
2025-09-25 15:57:32,673 - INFO - 开始试验 8 用于模型 cat
2025-09-25 15:57:32,938 - INFO - 试验 8 完成，分数: nan
2025-09-25 15:57:32,939 - INFO - 开始试验 9 用于模型 cat
2025-09-25 15:57:33,321 - INFO - 试验 9 完成，分数: nan
2025-09-25 15:57:33,323 - INFO - 开始试验 10 用于模型 cat
2025-09-25 15:57:33,462 - INFO - 试验 10 完成，分数: nan
2025-09-25 15:57:33,463 - INFO - 开始试验 11 用于模型 cat
2025-09-25 15:57:33,683 - INFO - 试验 11 完成，分数: nan
2025-09-25 15:57:33,684 - INFO - 开始试验 12 用于模型 cat
2025-09-25 15:57:34,474 - INFO - 试验 12 完成，分数: nan
2025-09-25 15:57:34,475 - INFO - 开始试验 13 用于模型 cat
2025-09-25 15:57:35,103 - INFO - 试验 13 完成，分数: nan
2025-09-25 15:57:35,104 - INFO - 开始试验 14 用于模型 cat
2025-09-25 15:57:35,212 - INFO - 试验 14 完成，分数: nan
2025-09-25 15:57:35,213 - INFO - 开始试验 15 用于模型 cat
2025-09-25 15:57:35,927 - INFO - 试验 15 完成，分数: nan
2025-09-25 15:57:35,929 - INFO - 开始试验 16 用于模型 cat
2025-09-25 15:57:36,113 - INFO - 试验 16 完成，分数: nan
2025-09-25 15:57:36,117 - INFO - 开始试验 17 用于模型 cat
2025-09-25 15:57:36,351 - INFO - 试验 17 完成，分数: nan
2025-09-25 15:57:36,352 - INFO - 开始试验 18 用于模型 cat
2025-09-25 15:57:36,576 - INFO - 试验 18 完成，分数: nan
2025-09-25 15:57:36,577 - INFO - 开始试验 19 用于模型 cat
2025-09-25 15:57:36,982 - INFO - 试验 19 完成，分数: nan
2025-09-25 15:57:36,983 - INFO - 开始试验 20 用于模型 cat
2025-09-25 15:57:37,429 - INFO - 试验 20 完成，分数: nan
2025-09-25 15:57:37,431 - INFO - 开始试验 21 用于模型 cat
2025-09-25 15:57:37,784 - INFO - 试验 21 完成，分数: nan
2025-09-25 15:57:37,786 - INFO - 开始试验 22 用于模型 cat
2025-09-25 15:57:38,143 - INFO - 试验 22 完成，分数: nan
2025-09-25 15:57:38,145 - INFO - 开始试验 23 用于模型 cat
2025-09-25 15:57:38,895 - INFO - 试验 23 完成，分数: nan
2025-09-25 15:57:38,896 - INFO - 开始试验 24 用于模型 cat
2025-09-25 15:57:39,143 - INFO - 试验 24 完成，分数: nan
2025-09-25 15:57:39,145 - INFO - 开始试验 25 用于模型 cat
2025-09-25 15:57:39,270 - INFO - 试验 25 完成，分数: nan
2025-09-25 15:57:39,271 - INFO - 开始试验 26 用于模型 cat
2025-09-25 15:57:39,876 - INFO - 试验 26 完成，分数: nan
2025-09-25 15:57:39,877 - INFO - 开始试验 27 用于模型 cat
2025-09-25 15:57:40,098 - INFO - 试验 27 完成，分数: nan
2025-09-25 15:57:40,100 - INFO - 开始试验 28 用于模型 cat
2025-09-25 15:57:41,013 - INFO - 试验 28 完成，分数: nan
2025-09-25 15:57:41,014 - INFO - 开始试验 29 用于模型 cat
2025-09-25 15:57:42,206 - INFO - 试验 29 完成，分数: nan
2025-09-25 15:57:42,208 - INFO - 开始试验 30 用于模型 cat
2025-09-25 15:57:42,645 - INFO - 试验 30 完成，分数: nan
2025-09-25 15:57:42,647 - INFO - 开始试验 31 用于模型 cat
2025-09-25 15:57:43,217 - INFO - 试验 31 完成，分数: nan
2025-09-25 15:57:43,218 - INFO - 开始试验 32 用于模型 cat
2025-09-25 15:57:43,369 - INFO - 试验 32 完成，分数: nan
2025-09-25 15:57:43,371 - INFO - 开始试验 33 用于模型 cat
2025-09-25 15:57:43,791 - INFO - 试验 33 完成，分数: nan
2025-09-25 15:57:43,792 - INFO - 开始试验 34 用于模型 cat
2025-09-25 15:57:44,090 - INFO - 试验 34 完成，分数: nan
2025-09-25 15:57:44,092 - INFO - 开始试验 35 用于模型 cat
2025-09-25 15:57:44,736 - INFO - 试验 35 完成，分数: nan
2025-09-25 15:57:44,737 - INFO - 开始试验 36 用于模型 cat
2025-09-25 15:57:45,102 - INFO - 试验 36 完成，分数: nan
2025-09-25 15:57:45,103 - INFO - 开始试验 37 用于模型 cat
2025-09-25 15:57:45,375 - INFO - 试验 37 完成，分数: nan
2025-09-25 15:57:45,376 - INFO - 开始试验 38 用于模型 cat
2025-09-25 15:57:45,758 - INFO - 试验 38 完成，分数: nan
2025-09-25 15:57:45,759 - INFO - 开始试验 39 用于模型 cat
2025-09-25 15:57:46,174 - INFO - 试验 39 完成，分数: nan
2025-09-25 15:57:46,176 - INFO - 开始试验 40 用于模型 cat
2025-09-25 15:57:46,610 - INFO - 试验 40 完成，分数: nan
2025-09-25 15:57:46,611 - INFO - 开始试验 41 用于模型 cat
2025-09-25 15:57:46,740 - INFO - 试验 41 完成，分数: nan
2025-09-25 15:57:46,741 - INFO - 开始试验 42 用于模型 cat
2025-09-25 15:57:46,943 - INFO - 试验 42 完成，分数: nan
2025-09-25 15:57:46,945 - INFO - 开始试验 43 用于模型 cat
2025-09-25 15:57:47,514 - INFO - 试验 43 完成，分数: nan
2025-09-25 15:57:47,516 - INFO - 开始试验 44 用于模型 cat
2025-09-25 15:57:48,609 - INFO - 试验 44 完成，分数: nan
2025-09-25 15:57:48,611 - INFO - 开始试验 45 用于模型 cat
2025-09-25 15:57:49,226 - INFO - 试验 45 完成，分数: nan
2025-09-25 15:57:49,227 - INFO - 开始试验 46 用于模型 cat
2025-09-25 15:57:49,746 - INFO - 试验 46 完成，分数: nan
2025-09-25 15:57:49,748 - INFO - 开始试验 47 用于模型 cat
2025-09-25 15:57:49,987 - INFO - 试验 47 完成，分数: nan
2025-09-25 15:57:49,989 - INFO - 开始试验 48 用于模型 cat
2025-09-25 15:57:50,467 - INFO - 试验 48 完成，分数: nan
2025-09-25 15:57:50,468 - INFO - 开始试验 49 用于模型 cat
2025-09-25 15:57:51,520 - INFO - 试验 49 完成，分数: nan
2025-09-25 15:57:51,523 - WARNING - CatBoost没有完成任何试验，使用默认参数
2025-09-25 15:57:51,524 - INFO - 训练Stacking模型
2025-09-25 15:57:54,798 - INFO - 生成预测结果
2025-09-25 15:57:54,811 - INFO - 提交文件已保存为 submission.csv
2025-09-25 15:57:54,812 - INFO - 训练完成，总耗时: 0:00:37.453244
2025-09-25 15:58:54,499 - INFO - 开始房价预测模型训练流程
2025-09-25 15:58:54,500 - INFO - 加载并预处理数据
2025-09-25 15:58:54,517 - INFO - 合并后的数据形状: (2919, 79)
2025-09-25 15:58:54,518 - INFO - 处理缺失值
2025-09-25 15:58:54,523 - INFO - 数值型特征数量: 36, 分类型特征数量: 43
2025-09-25 15:58:54,547 - INFO - 编码分类型特征
2025-09-25 15:58:54,566 - INFO - 创建新特征
2025-09-25 15:58:54,568 - INFO - 验证数据质量
2025-09-25 15:58:54,570 - INFO - 训练集缺失值数量: 0
2025-09-25 15:58:54,572 - INFO - 测试集缺失值数量: 0
2025-09-25 15:58:54,574 - INFO - 训练集无穷值数量: 0
2025-09-25 15:58:54,576 - INFO - 测试集无穷值数量: 0
2025-09-25 15:58:54,576 - INFO - 目标变量最小值: 10.460270761075149, 最大值: 13.534474352733596, 缺失值: 0
2025-09-25 15:58:54,582 - INFO - 进行特征选择
2025-09-25 15:58:57,979 - INFO - 选择的特征数量: 35
2025-09-25 15:58:57,980 - INFO - 选择的特征: MSZoning, LotArea, LandContour, Neighborhood, Condition2, OverallQual, OverallCond, YearBuilt, YearRemodAdd, ExterCond, BsmtQual, BsmtFinSF1, BsmtUnfSF, CentralAir, 2ndFlrSF, GrLivArea, BsmtHalfBath, FullBath, HalfBath, KitchenAbvGr, KitchenQual, Functional, Fireplaces, GarageType, GarageYrBlt, GarageCars, GarageArea, GarageCond, PavedDrive, EnclosedPorch, ScreenPorch, PoolArea, SaleCondition, TotalSF, YearDiff
2025-09-25 15:58:57,980 - INFO - 开始超参数优化
2025-09-25 15:58:57,980 - INFO - 优化XGBoost超参数
2025-09-25 15:58:57,985 - INFO - 开始试验 0 用于模型 xgb
2025-09-25 15:58:58,513 - INFO - 试验 0 完成，分数: nan
2025-09-25 15:58:58,515 - INFO - 开始试验 1 用于模型 xgb
2025-09-25 15:58:59,005 - INFO - 试验 1 完成，分数: nan
2025-09-25 15:58:59,006 - INFO - 开始试验 2 用于模型 xgb
2025-09-25 15:58:59,296 - INFO - 试验 2 完成，分数: nan
2025-09-25 15:58:59,297 - INFO - 开始试验 3 用于模型 xgb
2025-09-25 15:58:59,578 - INFO - 试验 3 完成，分数: nan
2025-09-25 15:58:59,579 - INFO - 开始试验 4 用于模型 xgb
2025-09-25 15:59:00,060 - INFO - 试验 4 完成，分数: nan
2025-09-25 15:59:00,062 - INFO - XGBoost完成的试验数量: 0/5
2025-09-25 15:59:00,062 - WARNING - XGBoost没有完成任何试验，使用默认参数
2025-09-25 15:59:00,062 - INFO - 优化LightGBM超参数
2025-09-25 15:59:00,067 - INFO - 开始试验 0 用于模型 lgb
2025-09-25 15:59:00,199 - INFO - 试验 0 完成，分数: nan
2025-09-25 15:59:00,200 - INFO - 开始试验 1 用于模型 lgb
2025-09-25 15:59:00,356 - INFO - 试验 1 完成，分数: nan
2025-09-25 15:59:00,357 - INFO - 开始试验 2 用于模型 lgb
2025-09-25 15:59:00,429 - INFO - 试验 2 完成，分数: nan
2025-09-25 15:59:00,430 - INFO - 开始试验 3 用于模型 lgb
2025-09-25 15:59:00,542 - INFO - 试验 3 完成，分数: nan
2025-09-25 15:59:00,544 - INFO - 开始试验 4 用于模型 lgb
2025-09-25 15:59:00,696 - INFO - 试验 4 完成，分数: nan
2025-09-25 15:59:00,697 - INFO - 开始试验 5 用于模型 lgb
2025-09-25 15:59:00,923 - INFO - 试验 5 完成，分数: nan
2025-09-25 15:59:00,925 - INFO - 开始试验 6 用于模型 lgb
2025-09-25 15:59:01,034 - INFO - 试验 6 完成，分数: nan
2025-09-25 15:59:01,035 - INFO - 开始试验 7 用于模型 lgb
2025-09-25 15:59:01,160 - INFO - 试验 7 完成，分数: nan
2025-09-25 15:59:01,161 - INFO - 开始试验 8 用于模型 lgb
2025-09-25 15:59:01,218 - INFO - 试验 8 完成，分数: nan
2025-09-25 15:59:01,219 - INFO - 开始试验 9 用于模型 lgb
2025-09-25 15:59:01,395 - INFO - 试验 9 完成，分数: nan
2025-09-25 15:59:01,397 - INFO - 开始试验 10 用于模型 lgb
2025-09-25 15:59:01,669 - INFO - 试验 10 完成，分数: nan
2025-09-25 15:59:01,671 - INFO - 开始试验 11 用于模型 lgb
2025-09-25 15:59:01,817 - INFO - 试验 11 完成，分数: nan
2025-09-25 15:59:01,819 - INFO - 开始试验 12 用于模型 lgb
2025-09-25 15:59:02,018 - INFO - 试验 12 完成，分数: nan
2025-09-25 15:59:02,020 - INFO - 开始试验 13 用于模型 lgb
2025-09-25 15:59:02,288 - INFO - 试验 13 完成，分数: nan
2025-09-25 15:59:02,290 - INFO - 开始试验 14 用于模型 lgb
2025-09-25 15:59:02,407 - INFO - 试验 14 完成，分数: nan
2025-09-25 15:59:02,409 - INFO - 开始试验 15 用于模型 lgb
2025-09-25 15:59:02,520 - INFO - 试验 15 完成，分数: nan
2025-09-25 15:59:02,521 - INFO - 开始试验 16 用于模型 lgb
2025-09-25 15:59:02,675 - INFO - 试验 16 完成，分数: nan
2025-09-25 15:59:02,676 - INFO - 开始试验 17 用于模型 lgb
2025-09-25 15:59:02,791 - INFO - 试验 17 完成，分数: nan
2025-09-25 15:59:02,792 - INFO - 开始试验 18 用于模型 lgb
2025-09-25 15:59:02,887 - INFO - 试验 18 完成，分数: nan
2025-09-25 15:59:02,888 - INFO - 开始试验 19 用于模型 lgb
2025-09-25 15:59:03,029 - INFO - 试验 19 完成，分数: nan
2025-09-25 15:59:03,031 - INFO - 开始试验 20 用于模型 lgb
2025-09-25 15:59:03,087 - INFO - 试验 20 完成，分数: nan
2025-09-25 15:59:03,088 - INFO - 开始试验 21 用于模型 lgb
2025-09-25 15:59:03,226 - INFO - 试验 21 完成，分数: nan
2025-09-25 15:59:03,227 - INFO - 开始试验 22 用于模型 lgb
2025-09-25 15:59:03,421 - INFO - 试验 22 完成，分数: nan
2025-09-25 15:59:03,423 - INFO - 开始试验 23 用于模型 lgb
2025-09-25 15:59:03,539 - INFO - 试验 23 完成，分数: nan
2025-09-25 15:59:03,541 - INFO - 开始试验 24 用于模型 lgb
2025-09-25 15:59:03,696 - INFO - 试验 24 完成，分数: nan
2025-09-25 15:59:03,698 - INFO - 开始试验 25 用于模型 lgb
2025-09-25 15:59:03,845 - INFO - 试验 25 完成，分数: nan
2025-09-25 15:59:03,846 - INFO - 开始试验 26 用于模型 lgb
2025-09-25 15:59:03,938 - INFO - 试验 26 完成，分数: nan
2025-09-25 15:59:03,939 - INFO - 开始试验 27 用于模型 lgb
2025-09-25 15:59:04,065 - INFO - 试验 27 完成，分数: nan
2025-09-25 15:59:04,066 - INFO - 开始试验 28 用于模型 lgb
2025-09-25 15:59:04,296 - INFO - 试验 28 完成，分数: nan
2025-09-25 15:59:04,297 - INFO - 开始试验 29 用于模型 lgb
2025-09-25 15:59:04,363 - INFO - 试验 29 完成，分数: nan
2025-09-25 15:59:04,364 - INFO - 开始试验 30 用于模型 lgb
2025-09-25 15:59:04,501 - INFO - 试验 30 完成，分数: nan
2025-09-25 15:59:04,503 - INFO - 开始试验 31 用于模型 lgb
2025-09-25 15:59:04,618 - INFO - 试验 31 完成，分数: nan
2025-09-25 15:59:04,620 - INFO - 开始试验 32 用于模型 lgb
2025-09-25 15:59:04,756 - INFO - 试验 32 完成，分数: nan
2025-09-25 15:59:04,757 - INFO - 开始试验 33 用于模型 lgb
2025-09-25 15:59:04,884 - INFO - 试验 33 完成，分数: nan
2025-09-25 15:59:04,885 - INFO - 开始试验 34 用于模型 lgb
2025-09-25 15:59:05,123 - INFO - 试验 34 完成，分数: nan
2025-09-25 15:59:05,125 - INFO - 开始试验 35 用于模型 lgb
2025-09-25 15:59:05,191 - INFO - 试验 35 完成，分数: nan
2025-09-25 15:59:05,192 - INFO - 开始试验 36 用于模型 lgb
2025-09-25 15:59:05,419 - INFO - 试验 36 完成，分数: nan
2025-09-25 15:59:05,420 - INFO - 开始试验 37 用于模型 lgb
2025-09-25 15:59:05,569 - INFO - 试验 37 完成，分数: nan
2025-09-25 15:59:05,570 - INFO - 开始试验 38 用于模型 lgb
2025-09-25 15:59:05,643 - INFO - 试验 38 完成，分数: nan
2025-09-25 15:59:05,644 - INFO - 开始试验 39 用于模型 lgb
2025-09-25 15:59:05,794 - INFO - 试验 39 完成，分数: nan
2025-09-25 15:59:05,796 - INFO - 开始试验 40 用于模型 lgb
2025-09-25 15:59:05,909 - INFO - 试验 40 完成，分数: nan
2025-09-25 15:59:05,910 - INFO - 开始试验 41 用于模型 lgb
2025-09-25 15:59:06,020 - INFO - 试验 41 完成，分数: nan
2025-09-25 15:59:06,021 - INFO - 开始试验 42 用于模型 lgb
2025-09-25 15:59:06,186 - INFO - 试验 42 完成，分数: nan
2025-09-25 15:59:06,187 - INFO - 开始试验 43 用于模型 lgb
2025-09-25 15:59:06,334 - INFO - 试验 43 完成，分数: nan
2025-09-25 15:59:06,335 - INFO - 开始试验 44 用于模型 lgb
2025-09-25 15:59:06,431 - INFO - 试验 44 完成，分数: nan
2025-09-25 15:59:06,432 - INFO - 开始试验 45 用于模型 lgb
2025-09-25 15:59:06,508 - INFO - 试验 45 完成，分数: nan
2025-09-25 15:59:06,510 - INFO - 开始试验 46 用于模型 lgb
2025-09-25 15:59:06,700 - INFO - 试验 46 完成，分数: nan
2025-09-25 15:59:06,701 - INFO - 开始试验 47 用于模型 lgb
2025-09-25 15:59:06,817 - INFO - 试验 47 完成，分数: nan
2025-09-25 15:59:06,818 - INFO - 开始试验 48 用于模型 lgb
2025-09-25 15:59:07,097 - INFO - 试验 48 完成，分数: nan
2025-09-25 15:59:07,099 - INFO - 开始试验 49 用于模型 lgb
2025-09-25 15:59:07,394 - INFO - 试验 49 完成，分数: nan
2025-09-25 15:59:07,398 - WARNING - LightGBM没有完成任何试验，使用默认参数
2025-09-25 15:59:07,398 - INFO - 优化CatBoost超参数
2025-09-25 15:59:07,403 - INFO - 开始试验 0 用于模型 cat
2025-09-25 15:59:07,875 - INFO - 试验 0 完成，分数: nan
2025-09-25 15:59:07,879 - INFO - 开始试验 1 用于模型 cat
2025-09-25 15:59:08,038 - INFO - 试验 1 完成，分数: nan
2025-09-25 15:59:08,040 - INFO - 开始试验 2 用于模型 cat
2025-09-25 15:59:08,315 - INFO - 试验 2 完成，分数: nan
2025-09-25 15:59:08,316 - INFO - 开始试验 3 用于模型 cat
2025-09-25 15:59:08,667 - INFO - 试验 3 完成，分数: nan
2025-09-25 15:59:08,669 - INFO - 开始试验 4 用于模型 cat
2025-09-25 15:59:08,942 - INFO - 试验 4 完成，分数: nan
2025-09-25 15:59:08,943 - INFO - 开始试验 5 用于模型 cat
2025-09-25 15:59:09,299 - INFO - 试验 5 完成，分数: nan
2025-09-25 15:59:09,300 - INFO - 开始试验 6 用于模型 cat
2025-09-25 15:59:09,556 - INFO - 试验 6 完成，分数: nan
2025-09-25 15:59:09,560 - INFO - 开始试验 7 用于模型 cat
2025-09-25 15:59:10,187 - INFO - 试验 7 完成，分数: nan
2025-09-25 15:59:10,189 - INFO - 开始试验 8 用于模型 cat
2025-09-25 15:59:10,484 - INFO - 试验 8 完成，分数: nan
2025-09-25 15:59:10,486 - INFO - 开始试验 9 用于模型 cat
2025-09-25 15:59:10,849 - INFO - 试验 9 完成，分数: nan
2025-09-25 15:59:10,850 - INFO - 开始试验 10 用于模型 cat
2025-09-25 15:59:11,000 - INFO - 试验 10 完成，分数: nan
2025-09-25 15:59:11,002 - INFO - 开始试验 11 用于模型 cat
2025-09-25 15:59:11,223 - INFO - 试验 11 完成，分数: nan
2025-09-25 15:59:11,224 - INFO - 开始试验 12 用于模型 cat
2025-09-25 15:59:12,056 - INFO - 试验 12 完成，分数: nan
2025-09-25 15:59:12,058 - INFO - 开始试验 13 用于模型 cat
2025-09-25 15:59:12,675 - INFO - 试验 13 完成，分数: nan
2025-09-25 15:59:12,677 - INFO - 开始试验 14 用于模型 cat
2025-09-25 15:59:12,787 - INFO - 试验 14 完成，分数: nan
2025-09-25 15:59:12,788 - INFO - 开始试验 15 用于模型 cat
2025-09-25 15:59:13,512 - INFO - 试验 15 完成，分数: nan
2025-09-25 15:59:13,514 - INFO - 开始试验 16 用于模型 cat
2025-09-25 15:59:13,697 - INFO - 试验 16 完成，分数: nan
2025-09-25 15:59:13,699 - INFO - 开始试验 17 用于模型 cat
2025-09-25 15:59:13,920 - INFO - 试验 17 完成，分数: nan
2025-09-25 15:59:13,922 - INFO - 开始试验 18 用于模型 cat
2025-09-25 15:59:14,115 - INFO - 试验 18 完成，分数: nan
2025-09-25 15:59:14,116 - INFO - 开始试验 19 用于模型 cat
2025-09-25 15:59:14,509 - INFO - 试验 19 完成，分数: nan
2025-09-25 15:59:14,510 - INFO - 开始试验 20 用于模型 cat
2025-09-25 15:59:14,946 - INFO - 试验 20 完成，分数: nan
2025-09-25 15:59:14,948 - INFO - 开始试验 21 用于模型 cat
2025-09-25 15:59:15,302 - INFO - 试验 21 完成，分数: nan
2025-09-25 15:59:15,303 - INFO - 开始试验 22 用于模型 cat
2025-09-25 15:59:15,666 - INFO - 试验 22 完成，分数: nan
2025-09-25 15:59:15,670 - INFO - 开始试验 23 用于模型 cat
2025-09-25 15:59:16,394 - INFO - 试验 23 完成，分数: nan
2025-09-25 15:59:16,396 - INFO - 开始试验 24 用于模型 cat
2025-09-25 15:59:16,639 - INFO - 试验 24 完成，分数: nan
2025-09-25 15:59:16,641 - INFO - 开始试验 25 用于模型 cat
2025-09-25 15:59:16,765 - INFO - 试验 25 完成，分数: nan
2025-09-25 15:59:16,767 - INFO - 开始试验 26 用于模型 cat
2025-09-25 15:59:17,368 - INFO - 试验 26 完成，分数: nan
2025-09-25 15:59:17,369 - INFO - 开始试验 27 用于模型 cat
2025-09-25 15:59:17,585 - INFO - 试验 27 完成，分数: nan
2025-09-25 15:59:17,587 - INFO - 开始试验 28 用于模型 cat
2025-09-25 15:59:18,503 - INFO - 试验 28 完成，分数: nan
2025-09-25 15:59:18,505 - INFO - 开始试验 29 用于模型 cat
2025-09-25 15:59:19,789 - INFO - 试验 29 完成，分数: nan
2025-09-25 15:59:19,791 - INFO - 开始试验 30 用于模型 cat
2025-09-25 15:59:20,229 - INFO - 试验 30 完成，分数: nan
2025-09-25 15:59:20,231 - INFO - 开始试验 31 用于模型 cat
2025-09-25 15:59:20,801 - INFO - 试验 31 完成，分数: nan
2025-09-25 15:59:20,802 - INFO - 开始试验 32 用于模型 cat
2025-09-25 15:59:20,954 - INFO - 试验 32 完成，分数: nan
2025-09-25 15:59:20,955 - INFO - 开始试验 33 用于模型 cat
2025-09-25 15:59:21,417 - INFO - 试验 33 完成，分数: nan
2025-09-25 15:59:21,418 - INFO - 开始试验 34 用于模型 cat
2025-09-25 15:59:21,724 - INFO - 试验 34 完成，分数: nan
2025-09-25 15:59:21,725 - INFO - 开始试验 35 用于模型 cat
2025-09-25 15:59:22,381 - INFO - 试验 35 完成，分数: nan
2025-09-25 15:59:22,382 - INFO - 开始试验 36 用于模型 cat
2025-09-25 15:59:22,738 - INFO - 试验 36 完成，分数: nan
2025-09-25 15:59:22,740 - INFO - 开始试验 37 用于模型 cat
2025-09-25 15:59:23,030 - INFO - 试验 37 完成，分数: nan
2025-09-25 15:59:23,032 - INFO - 开始试验 38 用于模型 cat
2025-09-25 15:59:23,417 - INFO - 试验 38 完成，分数: nan
2025-09-25 15:59:23,418 - INFO - 开始试验 39 用于模型 cat
2025-09-25 15:59:23,809 - INFO - 试验 39 完成，分数: nan
2025-09-25 15:59:23,810 - INFO - 开始试验 40 用于模型 cat
2025-09-25 15:59:24,238 - INFO - 试验 40 完成，分数: nan
2025-09-25 15:59:24,239 - INFO - 开始试验 41 用于模型 cat
2025-09-25 15:59:24,425 - INFO - 试验 41 完成，分数: nan
2025-09-25 15:59:24,426 - INFO - 开始试验 42 用于模型 cat
2025-09-25 15:59:24,659 - INFO - 试验 42 完成，分数: nan
2025-09-25 15:59:24,660 - INFO - 开始试验 43 用于模型 cat
2025-09-25 15:59:25,266 - INFO - 试验 43 完成，分数: nan
2025-09-25 15:59:25,267 - INFO - 开始试验 44 用于模型 cat
2025-09-25 15:59:26,339 - INFO - 试验 44 完成，分数: nan
2025-09-25 15:59:26,341 - INFO - 开始试验 45 用于模型 cat
2025-09-25 15:59:27,054 - INFO - 试验 45 完成，分数: nan
2025-09-25 15:59:27,056 - INFO - 开始试验 46 用于模型 cat
2025-09-25 15:59:27,658 - INFO - 试验 46 完成，分数: nan
2025-09-25 15:59:27,660 - INFO - 开始试验 47 用于模型 cat
2025-09-25 15:59:27,920 - INFO - 试验 47 完成，分数: nan
2025-09-25 15:59:27,922 - INFO - 开始试验 48 用于模型 cat
2025-09-25 15:59:28,432 - INFO - 试验 48 完成，分数: nan
2025-09-25 15:59:28,433 - INFO - 开始试验 49 用于模型 cat
2025-09-25 15:59:29,672 - INFO - 试验 49 完成，分数: nan
2025-09-25 15:59:29,675 - WARNING - CatBoost没有完成任何试验，使用默认参数
2025-09-25 15:59:29,675 - INFO - 训练Stacking模型
2025-09-25 15:59:32,308 - INFO - 生成预测结果
2025-09-25 15:59:32,322 - INFO - 提交文件已保存为 submission.csv
2025-09-25 15:59:32,323 - INFO - 训练完成，总耗时: 0:00:37.822903
2025-09-25 16:05:39,284 - INFO - 开始房价预测模型训练流程
2025-09-25 16:05:39,284 - INFO - 加载并预处理数据
2025-09-25 16:05:39,303 - INFO - 合并后的数据形状: (2919, 79)
2025-09-25 16:05:39,303 - INFO - 处理缺失值
2025-09-25 16:05:39,309 - INFO - 数值型特征数量: 36, 分类型特征数量: 43
2025-09-25 16:05:39,332 - INFO - 编码分类型特征
2025-09-25 16:05:39,351 - INFO - 创建新特征
2025-09-25 16:05:39,353 - INFO - 验证数据质量
2025-09-25 16:05:39,355 - INFO - 训练集缺失值数量: 0
2025-09-25 16:05:39,357 - INFO - 测试集缺失值数量: 0
2025-09-25 16:05:39,358 - INFO - 训练集无穷值数量: 0
2025-09-25 16:05:39,360 - INFO - 测试集无穷值数量: 0
2025-09-25 16:05:39,361 - INFO - 目标变量最小值: 10.460270761075149, 最大值: 13.534474352733596, 缺失值: 0
2025-09-25 16:05:39,367 - INFO - 进行特征选择
2025-09-25 16:05:42,507 - INFO - 选择的特征数量: 35
2025-09-25 16:05:42,507 - INFO - 选择的特征: MSZoning, LotArea, LandContour, Neighborhood, Condition2, OverallQual, OverallCond, YearBuilt, YearRemodAdd, ExterCond, BsmtQual, BsmtFinSF1, BsmtUnfSF, CentralAir, 2ndFlrSF, GrLivArea, BsmtHalfBath, FullBath, HalfBath, KitchenAbvGr, KitchenQual, Functional, Fireplaces, GarageType, GarageYrBlt, GarageCars, GarageArea, GarageCond, PavedDrive, EnclosedPorch, ScreenPorch, PoolArea, SaleCondition, TotalSF, YearDiff
2025-09-25 16:05:42,508 - INFO - 开始超参数优化
2025-09-25 16:05:42,508 - INFO - 优化XGBoost超参数
2025-09-25 16:05:42,513 - INFO - 开始试验 0 用于模型 xgb
2025-09-25 16:05:43,045 - INFO - 试验 0 完成，分数: nan
2025-09-25 16:05:43,047 - INFO - 开始试验 1 用于模型 xgb
2025-09-25 16:05:43,542 - INFO - 试验 1 完成，分数: nan
2025-09-25 16:05:43,543 - INFO - 开始试验 2 用于模型 xgb
2025-09-25 16:05:43,839 - INFO - 试验 2 完成，分数: nan
2025-09-25 16:05:43,841 - INFO - 开始试验 3 用于模型 xgb
2025-09-25 16:05:44,120 - INFO - 试验 3 完成，分数: nan
2025-09-25 16:05:44,121 - INFO - 开始试验 4 用于模型 xgb
2025-09-25 16:05:44,605 - INFO - 试验 4 完成，分数: nan
2025-09-25 16:05:44,607 - INFO - XGBoost完成的试验数量: 0/5
2025-09-25 16:05:44,607 - WARNING - XGBoost没有完成任何试验，使用默认参数
2025-09-25 16:05:44,608 - INFO - 优化LightGBM超参数
2025-09-25 16:05:44,612 - INFO - 开始试验 0 用于模型 lgb
2025-09-25 16:05:44,742 - INFO - 试验 0 完成，分数: nan
2025-09-25 16:05:44,743 - INFO - 开始试验 1 用于模型 lgb
2025-09-25 16:05:44,903 - INFO - 试验 1 完成，分数: nan
2025-09-25 16:05:44,904 - INFO - 开始试验 2 用于模型 lgb
2025-09-25 16:05:44,976 - INFO - 试验 2 完成，分数: nan
2025-09-25 16:05:44,977 - INFO - 开始试验 3 用于模型 lgb
2025-09-25 16:05:45,080 - INFO - 试验 3 完成，分数: nan
2025-09-25 16:05:45,082 - INFO - 开始试验 4 用于模型 lgb
2025-09-25 16:05:45,238 - INFO - 试验 4 完成，分数: nan
2025-09-25 16:05:45,239 - INFO - 开始试验 5 用于模型 lgb
2025-09-25 16:05:45,464 - INFO - 试验 5 完成，分数: nan
2025-09-25 16:05:45,465 - INFO - 开始试验 6 用于模型 lgb
2025-09-25 16:05:45,573 - INFO - 试验 6 完成，分数: nan
2025-09-25 16:05:45,574 - INFO - 开始试验 7 用于模型 lgb
2025-09-25 16:05:45,698 - INFO - 试验 7 完成，分数: nan
2025-09-25 16:05:45,700 - INFO - 开始试验 8 用于模型 lgb
2025-09-25 16:05:45,755 - INFO - 试验 8 完成，分数: nan
2025-09-25 16:05:45,756 - INFO - 开始试验 9 用于模型 lgb
2025-09-25 16:05:45,930 - INFO - 试验 9 完成，分数: nan
2025-09-25 16:05:45,932 - INFO - 开始试验 10 用于模型 lgb
2025-09-25 16:05:46,209 - INFO - 试验 10 完成，分数: nan
2025-09-25 16:05:46,210 - INFO - 开始试验 11 用于模型 lgb
2025-09-25 16:05:46,354 - INFO - 试验 11 完成，分数: nan
2025-09-25 16:05:46,355 - INFO - 开始试验 12 用于模型 lgb
2025-09-25 16:05:46,552 - INFO - 试验 12 完成，分数: nan
2025-09-25 16:05:46,553 - INFO - 开始试验 13 用于模型 lgb
2025-09-25 16:05:46,809 - INFO - 试验 13 完成，分数: nan
2025-09-25 16:05:46,811 - INFO - 开始试验 14 用于模型 lgb
2025-09-25 16:05:46,928 - INFO - 试验 14 完成，分数: nan
2025-09-25 16:05:46,929 - INFO - 开始试验 15 用于模型 lgb
2025-09-25 16:05:47,038 - INFO - 试验 15 完成，分数: nan
2025-09-25 16:05:47,039 - INFO - 开始试验 16 用于模型 lgb
2025-09-25 16:05:47,190 - INFO - 试验 16 完成，分数: nan
2025-09-25 16:05:47,191 - INFO - 开始试验 17 用于模型 lgb
2025-09-25 16:05:47,304 - INFO - 试验 17 完成，分数: nan
2025-09-25 16:05:47,305 - INFO - 开始试验 18 用于模型 lgb
2025-09-25 16:05:47,398 - INFO - 试验 18 完成，分数: nan
2025-09-25 16:05:47,399 - INFO - 开始试验 19 用于模型 lgb
2025-09-25 16:05:47,538 - INFO - 试验 19 完成，分数: nan
2025-09-25 16:05:47,540 - INFO - 开始试验 20 用于模型 lgb
2025-09-25 16:05:47,595 - INFO - 试验 20 完成，分数: nan
2025-09-25 16:05:47,595 - INFO - 开始试验 21 用于模型 lgb
2025-09-25 16:05:47,732 - INFO - 试验 21 完成，分数: nan
2025-09-25 16:05:47,734 - INFO - 开始试验 22 用于模型 lgb
2025-09-25 16:05:47,925 - INFO - 试验 22 完成，分数: nan
2025-09-25 16:05:47,927 - INFO - 开始试验 23 用于模型 lgb
2025-09-25 16:05:48,044 - INFO - 试验 23 完成，分数: nan
2025-09-25 16:05:48,045 - INFO - 开始试验 24 用于模型 lgb
2025-09-25 16:05:48,199 - INFO - 试验 24 完成，分数: nan
2025-09-25 16:05:48,200 - INFO - 开始试验 25 用于模型 lgb
2025-09-25 16:05:48,349 - INFO - 试验 25 完成，分数: nan
2025-09-25 16:05:48,350 - INFO - 开始试验 26 用于模型 lgb
2025-09-25 16:05:48,434 - INFO - 试验 26 完成，分数: nan
2025-09-25 16:05:48,435 - INFO - 开始试验 27 用于模型 lgb
2025-09-25 16:05:48,562 - INFO - 试验 27 完成，分数: nan
2025-09-25 16:05:48,564 - INFO - 开始试验 28 用于模型 lgb
2025-09-25 16:05:48,797 - INFO - 试验 28 完成，分数: nan
2025-09-25 16:05:48,799 - INFO - 开始试验 29 用于模型 lgb
2025-09-25 16:05:48,869 - INFO - 试验 29 完成，分数: nan
2025-09-25 16:05:48,870 - INFO - 开始试验 30 用于模型 lgb
2025-09-25 16:05:49,008 - INFO - 试验 30 完成，分数: nan
2025-09-25 16:05:49,009 - INFO - 开始试验 31 用于模型 lgb
2025-09-25 16:05:49,143 - INFO - 试验 31 完成，分数: nan
2025-09-25 16:05:49,145 - INFO - 开始试验 32 用于模型 lgb
2025-09-25 16:05:49,290 - INFO - 试验 32 完成，分数: nan
2025-09-25 16:05:49,292 - INFO - 开始试验 33 用于模型 lgb
2025-09-25 16:05:49,416 - INFO - 试验 33 完成，分数: nan
2025-09-25 16:05:49,417 - INFO - 开始试验 34 用于模型 lgb
2025-09-25 16:05:49,658 - INFO - 试验 34 完成，分数: nan
2025-09-25 16:05:49,660 - INFO - 开始试验 35 用于模型 lgb
2025-09-25 16:05:49,726 - INFO - 试验 35 完成，分数: nan
2025-09-25 16:05:49,727 - INFO - 开始试验 36 用于模型 lgb
2025-09-25 16:05:49,953 - INFO - 试验 36 完成，分数: nan
2025-09-25 16:05:49,955 - INFO - 开始试验 37 用于模型 lgb
2025-09-25 16:05:50,103 - INFO - 试验 37 完成，分数: nan
2025-09-25 16:05:50,104 - INFO - 开始试验 38 用于模型 lgb
2025-09-25 16:05:50,177 - INFO - 试验 38 完成，分数: nan
2025-09-25 16:05:50,178 - INFO - 开始试验 39 用于模型 lgb
2025-09-25 16:05:50,329 - INFO - 试验 39 完成，分数: nan
2025-09-25 16:05:50,330 - INFO - 开始试验 40 用于模型 lgb
2025-09-25 16:05:50,439 - INFO - 试验 40 完成，分数: nan
2025-09-25 16:05:50,441 - INFO - 开始试验 41 用于模型 lgb
2025-09-25 16:05:50,541 - INFO - 试验 41 完成，分数: nan
2025-09-25 16:05:50,542 - INFO - 开始试验 42 用于模型 lgb
2025-09-25 16:05:50,715 - INFO - 试验 42 完成，分数: nan
2025-09-25 16:05:50,716 - INFO - 开始试验 43 用于模型 lgb
2025-09-25 16:05:50,862 - INFO - 试验 43 完成，分数: nan
2025-09-25 16:05:50,864 - INFO - 开始试验 44 用于模型 lgb
2025-09-25 16:05:50,960 - INFO - 试验 44 完成，分数: nan
2025-09-25 16:05:50,961 - INFO - 开始试验 45 用于模型 lgb
2025-09-25 16:05:51,037 - INFO - 试验 45 完成，分数: nan
2025-09-25 16:05:51,039 - INFO - 开始试验 46 用于模型 lgb
2025-09-25 16:05:51,229 - INFO - 试验 46 完成，分数: nan
2025-09-25 16:05:51,231 - INFO - 开始试验 47 用于模型 lgb
2025-09-25 16:05:51,346 - INFO - 试验 47 完成，分数: nan
2025-09-25 16:05:51,348 - INFO - 开始试验 48 用于模型 lgb
2025-09-25 16:05:51,640 - INFO - 试验 48 完成，分数: nan
2025-09-25 16:05:51,641 - INFO - 开始试验 49 用于模型 lgb
2025-09-25 16:05:51,936 - INFO - 试验 49 完成，分数: nan
2025-09-25 16:05:51,940 - WARNING - LightGBM没有完成任何试验，使用默认参数
2025-09-25 16:05:51,940 - INFO - 优化CatBoost超参数
2025-09-25 16:05:51,945 - INFO - 开始试验 0 用于模型 cat
2025-09-25 16:05:52,384 - INFO - 试验 0 完成，分数: nan
2025-09-25 16:05:52,385 - INFO - 开始试验 1 用于模型 cat
2025-09-25 16:05:52,535 - INFO - 试验 1 完成，分数: nan
2025-09-25 16:05:52,536 - INFO - 开始试验 2 用于模型 cat
2025-09-25 16:05:52,814 - INFO - 试验 2 完成，分数: nan
2025-09-25 16:05:52,815 - INFO - 开始试验 3 用于模型 cat
2025-09-25 16:05:53,178 - INFO - 试验 3 完成，分数: nan
2025-09-25 16:05:53,180 - INFO - 开始试验 4 用于模型 cat
2025-09-25 16:05:53,452 - INFO - 试验 4 完成，分数: nan
2025-09-25 16:05:53,453 - INFO - 开始试验 5 用于模型 cat
2025-09-25 16:05:53,811 - INFO - 试验 5 完成，分数: nan
2025-09-25 16:05:53,813 - INFO - 开始试验 6 用于模型 cat
2025-09-25 16:05:54,064 - INFO - 试验 6 完成，分数: nan
2025-09-25 16:05:54,065 - INFO - 开始试验 7 用于模型 cat
2025-09-25 16:05:54,660 - INFO - 试验 7 完成，分数: nan
2025-09-25 16:05:54,661 - INFO - 开始试验 8 用于模型 cat
2025-09-25 16:05:54,940 - INFO - 试验 8 完成，分数: nan
2025-09-25 16:05:54,941 - INFO - 开始试验 9 用于模型 cat
2025-09-25 16:05:55,375 - INFO - 试验 9 完成，分数: nan
2025-09-25 16:05:55,377 - INFO - 开始试验 10 用于模型 cat
2025-09-25 16:05:55,522 - INFO - 试验 10 完成，分数: nan
2025-09-25 16:05:55,523 - INFO - 开始试验 11 用于模型 cat
2025-09-25 16:05:55,750 - INFO - 试验 11 完成，分数: nan
2025-09-25 16:05:55,751 - INFO - 开始试验 12 用于模型 cat
2025-09-25 16:05:56,649 - INFO - 试验 12 完成，分数: nan
2025-09-25 16:05:56,650 - INFO - 开始试验 13 用于模型 cat
2025-09-25 16:05:57,273 - INFO - 试验 13 完成，分数: nan
2025-09-25 16:05:57,274 - INFO - 开始试验 14 用于模型 cat
2025-09-25 16:05:57,377 - INFO - 试验 14 完成，分数: nan
2025-09-25 16:05:57,378 - INFO - 开始试验 15 用于模型 cat
2025-09-25 16:05:58,123 - INFO - 试验 15 完成，分数: nan
2025-09-25 16:05:58,125 - INFO - 开始试验 16 用于模型 cat
2025-09-25 16:05:58,302 - INFO - 试验 16 完成，分数: nan
2025-09-25 16:05:58,303 - INFO - 开始试验 17 用于模型 cat
2025-09-25 16:05:58,501 - INFO - 试验 17 完成，分数: nan
2025-09-25 16:05:58,502 - INFO - 开始试验 18 用于模型 cat
2025-09-25 16:05:58,697 - INFO - 试验 18 完成，分数: nan
2025-09-25 16:05:58,699 - INFO - 开始试验 19 用于模型 cat
2025-09-25 16:05:59,094 - INFO - 试验 19 完成，分数: nan
2025-09-25 16:05:59,096 - INFO - 开始试验 20 用于模型 cat
2025-09-25 16:05:59,540 - INFO - 试验 20 完成，分数: nan
2025-09-25 16:05:59,541 - INFO - 开始试验 21 用于模型 cat
2025-09-25 16:05:59,900 - INFO - 试验 21 完成，分数: nan
2025-09-25 16:05:59,902 - INFO - 开始试验 22 用于模型 cat
2025-09-25 16:06:00,243 - INFO - 试验 22 完成，分数: nan
2025-09-25 16:06:00,245 - INFO - 开始试验 23 用于模型 cat
2025-09-25 16:06:00,974 - INFO - 试验 23 完成，分数: nan
2025-09-25 16:06:00,975 - INFO - 开始试验 24 用于模型 cat
2025-09-25 16:06:01,229 - INFO - 试验 24 完成，分数: nan
2025-09-25 16:06:01,230 - INFO - 开始试验 25 用于模型 cat
2025-09-25 16:06:01,356 - INFO - 试验 25 完成，分数: nan
2025-09-25 16:06:01,357 - INFO - 开始试验 26 用于模型 cat
2025-09-25 16:06:01,980 - INFO - 试验 26 完成，分数: nan
2025-09-25 16:06:01,981 - INFO - 开始试验 27 用于模型 cat
2025-09-25 16:06:02,197 - INFO - 试验 27 完成，分数: nan
2025-09-25 16:06:02,199 - INFO - 开始试验 28 用于模型 cat
2025-09-25 16:06:03,074 - INFO - 试验 28 完成，分数: nan
2025-09-25 16:06:03,076 - INFO - 开始试验 29 用于模型 cat
2025-09-25 16:06:04,334 - INFO - 试验 29 完成，分数: nan
2025-09-25 16:06:04,336 - INFO - 开始试验 30 用于模型 cat
2025-09-25 16:06:04,810 - INFO - 试验 30 完成，分数: nan
2025-09-25 16:06:04,812 - INFO - 开始试验 31 用于模型 cat
2025-09-25 16:06:05,329 - INFO - 试验 31 完成，分数: nan
2025-09-25 16:06:05,330 - INFO - 开始试验 32 用于模型 cat
2025-09-25 16:06:05,484 - INFO - 试验 32 完成，分数: nan
2025-09-25 16:06:05,485 - INFO - 开始试验 33 用于模型 cat
2025-09-25 16:06:05,966 - INFO - 试验 33 完成，分数: nan
2025-09-25 16:06:05,968 - INFO - 开始试验 34 用于模型 cat
2025-09-25 16:06:06,274 - INFO - 试验 34 完成，分数: nan
2025-09-25 16:06:06,275 - INFO - 开始试验 35 用于模型 cat
2025-09-25 16:06:06,895 - INFO - 试验 35 完成，分数: nan
2025-09-25 16:06:06,896 - INFO - 开始试验 36 用于模型 cat
2025-09-25 16:06:07,310 - INFO - 试验 36 完成，分数: nan
2025-09-25 16:06:07,311 - INFO - 开始试验 37 用于模型 cat
2025-09-25 16:06:07,578 - INFO - 试验 37 完成，分数: nan
2025-09-25 16:06:07,580 - INFO - 开始试验 38 用于模型 cat
2025-09-25 16:06:07,964 - INFO - 试验 38 完成，分数: nan
2025-09-25 16:06:07,965 - INFO - 开始试验 39 用于模型 cat
2025-09-25 16:06:08,367 - INFO - 试验 39 完成，分数: nan
2025-09-25 16:06:08,368 - INFO - 开始试验 40 用于模型 cat
2025-09-25 16:06:08,807 - INFO - 试验 40 完成，分数: nan
2025-09-25 16:06:08,809 - INFO - 开始试验 41 用于模型 cat
2025-09-25 16:06:08,937 - INFO - 试验 41 完成，分数: nan
2025-09-25 16:06:08,938 - INFO - 开始试验 42 用于模型 cat
2025-09-25 16:06:09,179 - INFO - 试验 42 完成，分数: nan
2025-09-25 16:06:09,180 - INFO - 开始试验 43 用于模型 cat
2025-09-25 16:06:09,812 - INFO - 试验 43 完成，分数: nan
2025-09-25 16:06:09,813 - INFO - 开始试验 44 用于模型 cat
2025-09-25 16:06:10,964 - INFO - 试验 44 完成，分数: nan
2025-09-25 16:06:10,965 - INFO - 开始试验 45 用于模型 cat
2025-09-25 16:06:11,699 - INFO - 试验 45 完成，分数: nan
2025-09-25 16:06:11,701 - INFO - 开始试验 46 用于模型 cat
2025-09-25 16:06:12,305 - INFO - 试验 46 完成，分数: nan
2025-09-25 16:06:12,306 - INFO - 开始试验 47 用于模型 cat
2025-09-25 16:06:12,553 - INFO - 试验 47 完成，分数: nan
2025-09-25 16:06:12,555 - INFO - 开始试验 48 用于模型 cat
2025-09-25 16:06:13,045 - INFO - 试验 48 完成，分数: nan
2025-09-25 16:06:13,047 - INFO - 开始试验 49 用于模型 cat
2025-09-25 16:06:14,002 - INFO - 试验 49 完成，分数: nan
2025-09-25 16:06:14,005 - WARNING - CatBoost没有完成任何试验，使用默认参数
2025-09-25 16:06:14,006 - INFO - 训练Stacking模型
2025-09-25 16:06:17,783 - INFO - 生成预测结果
2025-09-25 16:06:17,796 - INFO - 提交文件已保存为 submission.csv
2025-09-25 16:06:17,797 - INFO - 训练完成，总耗时: 0:00:38.512095
